 DEBUG mpjdaemon  - Accepted connection
 DEBUG mpjdaemon  - Accepting connection ..
 DEBUG mpjdaemon  - Job Started
 DEBUG mpjdaemon  - Ticket length 0
 DEBUG mpjdaemon  - Error 0.. 
 DEBUG mpjdaemon  - Accepted connection
 DEBUG mpjdaemon  - Accepting connection ..
 DEBUG mpjdaemon  - Job Started
 DEBUG mpjdaemon  - Ticket length 894
 DEBUG mpjdaemon  - <MPJProcessInfo>
<TicketID>1c2f46c0-a23e-4697-b572-dba3ec8fdfbc</TicketID>
<ClassPath>/state/partition1/home/hamza.zafar/mpjusr</ClassPath>
<MasterNode>barq.seecs.edu.pk</MasterNode>
<MasterPort>40003</MasterPort>
<ProcessCount>1</ProcessCount>
<StartingRank>0</StartingRank>
<JvmArgs/>
<WorkingDirectory>/export/home/hamza.zafar/mpjusr</WorkingDirectory>
<ZippedSource>false</ZippedSource>
<MainClass>HelloWorld</MainClass>
<DeviceName>niodev</DeviceName>
<ConfFileContents>#Number of Processes;2;#Protocol Switch Limit;131072;</ConfFileContents>
<AppArgs/>
<UserID>hamza.zafar</UserID>
<NetworkProcessCount>-1</NetworkProcessCount>
<TotalProcessCount>-1</TotalProcessCount>
<NetworkDevice>niodev</NetworkDevice>
<MPJ_HOME>/export/home/hamza.zafar/mpjexpress-code/mpj-yarn</MPJ_HOME>
<Debug>false</Debug>
<DebugPort>24500</DebugPort>
<Profiler>false</Profiler>
</MPJProcessInfo>

 DEBUG mpjdaemon  - configFilePath
 DEBUG mpjdaemon  - Config file created :
 DEBUG mpjdaemon  - modified: jArgs[0]=-cp
 DEBUG mpjdaemon  - modified: jArgs[1]=.:/export/home/hamza.zafar/mpjexpress-code/mpj-yarn/lib/loader1.jar:/export/home/hamza.zafar/mpjexpress-code/mpj-yarn/lib/mpj.jar:/export/home/hamza.zafar/mpjexpress-code/mpj-yarn/lib/log4j-1.2.11.jar:/export/home/hamza.zafar/mpjexpress-code/mpj-yarn/lib/wrapper.jar:/state/partition1/home/hamza.zafar/mpjusr:/export/home/hamza.zafar/mpjusr
 DEBUG mpjdaemon  - 
******************ARGUMENTS PASSED TO PB********************

 DEBUG mpjdaemon  - arguments[0] = java
 DEBUG mpjdaemon  - arguments[1] = -cp
 DEBUG mpjdaemon  - arguments[2] = .:/export/home/hamza.zafar/mpjexpress-code/mpj-yarn/lib/loader1.jar:/export/home/hamza.zafar/mpjexpress-code/mpj-yarn/lib/mpj.jar:/export/home/hamza.zafar/mpjexpress-code/mpj-yarn/lib/log4j-1.2.11.jar:/export/home/hamza.zafar/mpjexpress-code/mpj-yarn/lib/wrapper.jar:/state/partition1/home/hamza.zafar/mpjusr:/export/home/hamza.zafar/mpjusr
 DEBUG mpjdaemon  - arguments[3] = runtime.daemon.Wrapper
 DEBUG mpjdaemon  - arguments[4] = #Number of Processes;2;#Protocol Switch Limit;131072;
 DEBUG mpjdaemon  - arguments[5] = 1
 DEBUG mpjdaemon  - arguments[6] = niodev
 DEBUG mpjdaemon  - arguments[7] = barq.seecs.edu.pk
 DEBUG mpjdaemon  - arguments[8] = 40003
 DEBUG mpjdaemon  - arguments[9] = 0
 DEBUG mpjdaemon  - arguments[10] = HelloWorld
 DEBUG mpjdaemon  - starting the process 
 DEBUG mpjdaemon  - started the process 
 DEBUG mpjdaemon  - outputting ...
 DEBUG mpjdaemon  - Stopping the output
 DEBUG mpjdaemon  - Job Finished
 DEBUG mpjdaemon  - 

 ** .. execution ends .. ** 


 DEBUG mpjdaemon  - Accepted connection
 DEBUG mpjdaemon  - Accepting connection ..
 DEBUG mpjdaemon  - Job Started
 DEBUG mpjdaemon  - Ticket length 894
 DEBUG mpjdaemon  - <MPJProcessInfo>
<TicketID>5f22ad7c-e490-4f29-86a9-55676452b560</TicketID>
<ClassPath>/state/partition1/home/hamza.zafar/mpjusr</ClassPath>
<MasterNode>barq.seecs.edu.pk</MasterNode>
<MasterPort>40003</MasterPort>
<ProcessCount>2</ProcessCount>
<StartingRank>0</StartingRank>
<JvmArgs/>
<WorkingDirectory>/export/home/hamza.zafar/mpjusr</WorkingDirectory>
<ZippedSource>false</ZippedSource>
<MainClass>HelloWorld</MainClass>
<DeviceName>niodev</DeviceName>
<ConfFileContents>#Number of Processes;4;#Protocol Switch Limit;131072;</ConfFileContents>
<AppArgs/>
<UserID>hamza.zafar</UserID>
<NetworkProcessCount>-1</NetworkProcessCount>
<TotalProcessCount>-1</TotalProcessCount>
<NetworkDevice>niodev</NetworkDevice>
<MPJ_HOME>/export/home/hamza.zafar/mpjexpress-code/mpj-yarn</MPJ_HOME>
<Debug>false</Debug>
<DebugPort>24500</DebugPort>
<Profiler>false</Profiler>
</MPJProcessInfo>

 DEBUG mpjdaemon  - configFilePath
 DEBUG mpjdaemon  - Config file created :
 DEBUG mpjdaemon  - modified: jArgs[0]=-cp
 DEBUG mpjdaemon  - modified: jArgs[1]=.:/export/home/hamza.zafar/mpjexpress-code/mpj-yarn/lib/loader1.jar:/export/home/hamza.zafar/mpjexpress-code/mpj-yarn/lib/mpj.jar:/export/home/hamza.zafar/mpjexpress-code/mpj-yarn/lib/log4j-1.2.11.jar:/export/home/hamza.zafar/mpjexpress-code/mpj-yarn/lib/wrapper.jar:/state/partition1/home/hamza.zafar/mpjusr:/export/home/hamza.zafar/mpjusr
 DEBUG mpjdaemon  - 
******************ARGUMENTS PASSED TO PB********************

 DEBUG mpjdaemon  - arguments[0] = java
 DEBUG mpjdaemon  - arguments[1] = -cp
 DEBUG mpjdaemon  - arguments[2] = .:/export/home/hamza.zafar/mpjexpress-code/mpj-yarn/lib/loader1.jar:/export/home/hamza.zafar/mpjexpress-code/mpj-yarn/lib/mpj.jar:/export/home/hamza.zafar/mpjexpress-code/mpj-yarn/lib/log4j-1.2.11.jar:/export/home/hamza.zafar/mpjexpress-code/mpj-yarn/lib/wrapper.jar:/state/partition1/home/hamza.zafar/mpjusr:/export/home/hamza.zafar/mpjusr
 DEBUG mpjdaemon  - arguments[3] = runtime.daemon.Wrapper
 DEBUG mpjdaemon  - arguments[4] = #Number of Processes;4;#Protocol Switch Limit;131072;
 DEBUG mpjdaemon  - arguments[5] = 2
 DEBUG mpjdaemon  - arguments[6] = niodev
 DEBUG mpjdaemon  - arguments[7] = barq.seecs.edu.pk
 DEBUG mpjdaemon  - arguments[8] = 40003
 DEBUG mpjdaemon  - arguments[9] = 0
 DEBUG mpjdaemon  - arguments[10] = HelloWorld
 DEBUG mpjdaemon  - starting the process 
 DEBUG mpjdaemon  - started the process 
 DEBUG mpjdaemon  - 
******************ARGUMENTS PASSED TO PB********************

 DEBUG mpjdaemon  - arguments[0] = java
 DEBUG mpjdaemon  - arguments[1] = -cp
 DEBUG mpjdaemon  - arguments[2] = .:/export/home/hamza.zafar/mpjexpress-code/mpj-yarn/lib/loader1.jar:/export/home/hamza.zafar/mpjexpress-code/mpj-yarn/lib/mpj.jar:/export/home/hamza.zafar/mpjexpress-code/mpj-yarn/lib/log4j-1.2.11.jar:/export/home/hamza.zafar/mpjexpress-code/mpj-yarn/lib/wrapper.jar:/state/partition1/home/hamza.zafar/mpjusr:/export/home/hamza.zafar/mpjusr
 DEBUG mpjdaemon  - arguments[3] = runtime.daemon.Wrapper
 DEBUG mpjdaemon  - arguments[4] = #Number of Processes;4;#Protocol Switch Limit;131072;
 DEBUG mpjdaemon  - arguments[5] = 2
 DEBUG mpjdaemon  - arguments[6] = niodev
 DEBUG mpjdaemon  - arguments[7] = barq.seecs.edu.pk
 DEBUG mpjdaemon  - arguments[8] = 40003
 DEBUG mpjdaemon  - arguments[9] = 1
 DEBUG mpjdaemon  - arguments[10] = HelloWorld
 DEBUG mpjdaemon  - starting the process 
 DEBUG mpjdaemon  - outputting ...
 DEBUG mpjdaemon  - started the process 
 DEBUG mpjdaemon  - outputting ...
 DEBUG mpjdaemon  - Stopping the output
 DEBUG mpjdaemon  - Job Finished
 DEBUG mpjdaemon  - 

 ** .. execution ends .. ** 


 DEBUG mpjdaemon  - Accepted connection
 DEBUG mpjdaemon  - Accepting connection ..
 DEBUG mpjdaemon  - Job Started
 DEBUG mpjdaemon  - Ticket length 894
 DEBUG mpjdaemon  - <MPJProcessInfo>
<TicketID>b6735e48-a27f-4c16-bb6f-28e68792342b</TicketID>
<ClassPath>/state/partition1/home/hamza.zafar/mpjusr</ClassPath>
<MasterNode>barq.seecs.edu.pk</MasterNode>
<MasterPort>40003</MasterPort>
<ProcessCount>2</ProcessCount>
<StartingRank>0</StartingRank>
<JvmArgs/>
<WorkingDirectory>/export/home/hamza.zafar/mpjusr</WorkingDirectory>
<ZippedSource>false</ZippedSource>
<MainClass>HelloWorld</MainClass>
<DeviceName>niodev</DeviceName>
<ConfFileContents>#Number of Processes;3;#Protocol Switch Limit;131072;</ConfFileContents>
<AppArgs/>
<UserID>hamza.zafar</UserID>
<NetworkProcessCount>-1</NetworkProcessCount>
<TotalProcessCount>-1</TotalProcessCount>
<NetworkDevice>niodev</NetworkDevice>
<MPJ_HOME>/export/home/hamza.zafar/mpjexpress-code/mpj-yarn</MPJ_HOME>
<Debug>false</Debug>
<DebugPort>24500</DebugPort>
<Profiler>false</Profiler>
</MPJProcessInfo>

 DEBUG mpjdaemon  - configFilePath
 DEBUG mpjdaemon  - Config file created :
 DEBUG mpjdaemon  - modified: jArgs[0]=-cp
 DEBUG mpjdaemon  - modified: jArgs[1]=.:/export/home/hamza.zafar/mpjexpress-code/mpj-yarn/lib/loader1.jar:/export/home/hamza.zafar/mpjexpress-code/mpj-yarn/lib/mpj.jar:/export/home/hamza.zafar/mpjexpress-code/mpj-yarn/lib/log4j-1.2.11.jar:/export/home/hamza.zafar/mpjexpress-code/mpj-yarn/lib/wrapper.jar:/state/partition1/home/hamza.zafar/mpjusr:/export/home/hamza.zafar/mpjusr
 DEBUG mpjdaemon  - 
******************ARGUMENTS PASSED TO PB********************

 DEBUG mpjdaemon  - arguments[0] = java
 DEBUG mpjdaemon  - arguments[1] = -cp
 DEBUG mpjdaemon  - arguments[2] = .:/export/home/hamza.zafar/mpjexpress-code/mpj-yarn/lib/loader1.jar:/export/home/hamza.zafar/mpjexpress-code/mpj-yarn/lib/mpj.jar:/export/home/hamza.zafar/mpjexpress-code/mpj-yarn/lib/log4j-1.2.11.jar:/export/home/hamza.zafar/mpjexpress-code/mpj-yarn/lib/wrapper.jar:/state/partition1/home/hamza.zafar/mpjusr:/export/home/hamza.zafar/mpjusr
 DEBUG mpjdaemon  - arguments[3] = runtime.daemon.Wrapper
 DEBUG mpjdaemon  - arguments[4] = #Number of Processes;3;#Protocol Switch Limit;131072;
 DEBUG mpjdaemon  - arguments[5] = 2
 DEBUG mpjdaemon  - arguments[6] = niodev
 DEBUG mpjdaemon  - arguments[7] = barq.seecs.edu.pk
 DEBUG mpjdaemon  - arguments[8] = 40003
 DEBUG mpjdaemon  - arguments[9] = 0
 DEBUG mpjdaemon  - arguments[10] = HelloWorld
 DEBUG mpjdaemon  - starting the process 
 DEBUG mpjdaemon  - started the process 
 DEBUG mpjdaemon  - 
******************ARGUMENTS PASSED TO PB********************

 DEBUG mpjdaemon  - outputting ...
 DEBUG mpjdaemon  - arguments[0] = java
 DEBUG mpjdaemon  - arguments[1] = -cp
 DEBUG mpjdaemon  - arguments[2] = .:/export/home/hamza.zafar/mpjexpress-code/mpj-yarn/lib/loader1.jar:/export/home/hamza.zafar/mpjexpress-code/mpj-yarn/lib/mpj.jar:/export/home/hamza.zafar/mpjexpress-code/mpj-yarn/lib/log4j-1.2.11.jar:/export/home/hamza.zafar/mpjexpress-code/mpj-yarn/lib/wrapper.jar:/state/partition1/home/hamza.zafar/mpjusr:/export/home/hamza.zafar/mpjusr
 DEBUG mpjdaemon  - arguments[3] = runtime.daemon.Wrapper
 DEBUG mpjdaemon  - arguments[4] = #Number of Processes;3;#Protocol Switch Limit;131072;
 DEBUG mpjdaemon  - arguments[5] = 2
 DEBUG mpjdaemon  - arguments[6] = niodev
 DEBUG mpjdaemon  - arguments[7] = barq.seecs.edu.pk
 DEBUG mpjdaemon  - arguments[8] = 40003
 DEBUG mpjdaemon  - arguments[9] = 1
 DEBUG mpjdaemon  - arguments[10] = HelloWorld
 DEBUG mpjdaemon  - starting the process 
 DEBUG mpjdaemon  - started the process 
 DEBUG mpjdaemon  - outputting ...
 DEBUG mpjdaemon  - Stopping the output
 DEBUG mpjdaemon  - Job Finished
 DEBUG mpjdaemon  - 

 ** .. execution ends .. ** 


 DEBUG mpjdaemon  - mpjHomeDir /export/home/hamza.zafar/mpjexpress-code/mpj-yarn
 DEBUG mpjdaemon  -  args[0] 40000
 DEBUG mpjdaemon  - setting daemon port to40000
 DEBUG mpjdaemon  - Starting PortManager thread .. 
 DEBUG mpjdaemon  - Starting ConnectionManager thread .. 
 DEBUG mpjdaemon  - serverSocketInit .. 
 DEBUG mpjdaemon  - serverSocketInit called .. 
 DEBUG mpjdaemon  - Accepting connection ..
 DEBUG mpjdaemon  - Accepted connection
 DEBUG mpjdaemon  - Accepting connection ..
 DEBUG mpjdaemon  - Job Started
 DEBUG mpjdaemon  - Ticket length 927
 DEBUG mpjdaemon  - <MPJProcessInfo>
<TicketID>ae96a173-2d0a-4f3b-9506-d0542592f395</TicketID>
<ClassPath>/state/partition1/home/hamza.zafar/mpjusr</ClassPath>
<MasterNode>barq.seecs.edu.pk</MasterNode>
<MasterPort>40003</MasterPort>
<ProcessCount>2</ProcessCount>
<StartingRank>0</StartingRank>
<JvmArgs/>
<WorkingDirectory>/export/home/hamza.zafar/mpjusr</WorkingDirectory>
<ZippedSource>false</ZippedSource>
<MainClass>HelloWorld</MainClass>
<DeviceName>niodev</DeviceName>
<ConfFileContents>#Number of Processes;2;#Protocol Switch Limit;131072;</ConfFileContents>
<AppArgs>
<Argument>3</Argument>
</AppArgs>
<UserID>hamza.zafar</UserID>
<NetworkProcessCount>-1</NetworkProcessCount>
<TotalProcessCount>-1</TotalProcessCount>
<NetworkDevice>niodev</NetworkDevice>
<MPJ_HOME>/export/home/hamza.zafar/mpjexpress-code/mpj-yarn</MPJ_HOME>
<Debug>false</Debug>
<DebugPort>24500</DebugPort>
<Profiler>false</Profiler>
</MPJProcessInfo>

 DEBUG mpjdaemon  - mpjHomeDir /export/home/hamza.zafar/mpjexpress-code/mpj-yarn
 DEBUG mpjdaemon  -  args[0] 40000
 DEBUG mpjdaemon  - setting daemon port to40000
 DEBUG mpjdaemon  - Starting PortManager thread .. 
 DEBUG mpjdaemon  - Starting ConnectionManager thread .. 
 DEBUG mpjdaemon  - serverSocketInit .. 
 DEBUG mpjdaemon  - serverSocketInit called .. 
 DEBUG mpjdaemon  - Accepting connection ..
 DEBUG mpjdaemon  - Accepted connection
 DEBUG mpjdaemon  - Accepting connection ..
 DEBUG mpjdaemon  - Job Started
 DEBUG mpjdaemon  - Ticket length 894
 DEBUG mpjdaemon  - <MPJProcessInfo>
<TicketID>cac1a61a-588f-4089-89cc-e20ee8da02e6</TicketID>
<ClassPath>/state/partition1/home/hamza.zafar/mpjusr</ClassPath>
<MasterNode>barq.seecs.edu.pk</MasterNode>
<MasterPort>40003</MasterPort>
<ProcessCount>2</ProcessCount>
<StartingRank>0</StartingRank>
<JvmArgs/>
<WorkingDirectory>/export/home/hamza.zafar/mpjusr</WorkingDirectory>
<ZippedSource>false</ZippedSource>
<MainClass>HelloWorld</MainClass>
<DeviceName>niodev</DeviceName>
<ConfFileContents>#Number of Processes;2;#Protocol Switch Limit;131072;</ConfFileContents>
<AppArgs/>
<UserID>hamza.zafar</UserID>
<NetworkProcessCount>-1</NetworkProcessCount>
<TotalProcessCount>-1</TotalProcessCount>
<NetworkDevice>niodev</NetworkDevice>
<MPJ_HOME>/export/home/hamza.zafar/mpjexpress-code/mpj-yarn</MPJ_HOME>
<Debug>false</Debug>
<DebugPort>24500</DebugPort>
<Profiler>false</Profiler>
</MPJProcessInfo>

 DEBUG mpjdaemon  - configFilePath
 DEBUG mpjdaemon  - Config file created :
 DEBUG mpjdaemon  - modified: jArgs[0]=-cp
 DEBUG mpjdaemon  - modified: jArgs[1]=.:/export/home/hamza.zafar/mpjexpress-code/mpj-yarn/lib/loader1.jar:/export/home/hamza.zafar/mpjexpress-code/mpj-yarn/lib/mpj.jar:/export/home/hamza.zafar/mpjexpress-code/mpj-yarn/lib/log4j-1.2.11.jar:/export/home/hamza.zafar/mpjexpress-code/mpj-yarn/lib/wrapper.jar:/state/partition1/home/hamza.zafar/mpjusr:/export/home/hamza.zafar/mpjusr
 DEBUG mpjdaemon  - 
******************ARGUMENTS PASSED TO PB********************

 DEBUG mpjdaemon  - arguments[0] = java
 DEBUG mpjdaemon  - arguments[1] = -cp
 DEBUG mpjdaemon  - arguments[2] = .:/export/home/hamza.zafar/mpjexpress-code/mpj-yarn/lib/loader1.jar:/export/home/hamza.zafar/mpjexpress-code/mpj-yarn/lib/mpj.jar:/export/home/hamza.zafar/mpjexpress-code/mpj-yarn/lib/log4j-1.2.11.jar:/export/home/hamza.zafar/mpjexpress-code/mpj-yarn/lib/wrapper.jar:/state/partition1/home/hamza.zafar/mpjusr:/export/home/hamza.zafar/mpjusr
 DEBUG mpjdaemon  - arguments[3] = runtime.daemon.Wrapper
 DEBUG mpjdaemon  - arguments[4] = #Number of Processes;2;#Protocol Switch Limit;131072;
 DEBUG mpjdaemon  - arguments[5] = 2
 DEBUG mpjdaemon  - arguments[6] = niodev
 DEBUG mpjdaemon  - arguments[7] = barq.seecs.edu.pk
 DEBUG mpjdaemon  - arguments[8] = 40003
 DEBUG mpjdaemon  - arguments[9] = 0
 DEBUG mpjdaemon  - arguments[10] = HelloWorld
 DEBUG mpjdaemon  - starting the process 
 DEBUG mpjdaemon  - started the process 
 DEBUG mpjdaemon  - 
******************ARGUMENTS PASSED TO PB********************

 DEBUG mpjdaemon  - arguments[0] = java
 DEBUG mpjdaemon  - arguments[1] = -cp
 DEBUG mpjdaemon  - arguments[2] = .:/export/home/hamza.zafar/mpjexpress-code/mpj-yarn/lib/loader1.jar:/export/home/hamza.zafar/mpjexpress-code/mpj-yarn/lib/mpj.jar:/export/home/hamza.zafar/mpjexpress-code/mpj-yarn/lib/log4j-1.2.11.jar:/export/home/hamza.zafar/mpjexpress-code/mpj-yarn/lib/wrapper.jar:/state/partition1/home/hamza.zafar/mpjusr:/export/home/hamza.zafar/mpjusr
 DEBUG mpjdaemon  - arguments[3] = runtime.daemon.Wrapper
 DEBUG mpjdaemon  - arguments[4] = #Number of Processes;2;#Protocol Switch Limit;131072;
 DEBUG mpjdaemon  - arguments[5] = 2
 DEBUG mpjdaemon  - arguments[6] = niodev
 DEBUG mpjdaemon  - arguments[7] = barq.seecs.edu.pk
 DEBUG mpjdaemon  - arguments[8] = 40003
 DEBUG mpjdaemon  - arguments[9] = 1
 DEBUG mpjdaemon  - arguments[10] = HelloWorld
 DEBUG mpjdaemon  - starting the process 
 DEBUG mpjdaemon  - outputting ...
 DEBUG mpjdaemon  - started the process 
 DEBUG mpjdaemon  - outputting ...
 DEBUG mpjdaemon  - Stopping the output
 DEBUG mpjdaemon  - Job Finished
 DEBUG mpjdaemon  - 

 ** .. execution ends .. ** 


 DEBUG mpjdaemon  - Accepted connection
 DEBUG mpjdaemon  - Accepting connection ..
 DEBUG mpjdaemon  - Job Started
 DEBUG mpjdaemon  - Ticket length 927
 DEBUG mpjdaemon  - <MPJProcessInfo>
<TicketID>4e81c2fc-d959-4905-af27-c3da7dbb7b75</TicketID>
<ClassPath>/state/partition1/home/hamza.zafar/mpjusr</ClassPath>
<MasterNode>barq.seecs.edu.pk</MasterNode>
<MasterPort>40003</MasterPort>
<ProcessCount>2</ProcessCount>
<StartingRank>0</StartingRank>
<JvmArgs/>
<WorkingDirectory>/export/home/hamza.zafar/mpjusr</WorkingDirectory>
<ZippedSource>false</ZippedSource>
<MainClass>HelloWorld</MainClass>
<DeviceName>niodev</DeviceName>
<ConfFileContents>#Number of Processes;2;#Protocol Switch Limit;131072;</ConfFileContents>
<AppArgs>
<Argument>1</Argument>
</AppArgs>
<UserID>hamza.zafar</UserID>
<NetworkProcessCount>-1</NetworkProcessCount>
<TotalProcessCount>-1</TotalProcessCount>
<NetworkDevice>niodev</NetworkDevice>
<MPJ_HOME>/export/home/hamza.zafar/mpjexpress-code/mpj-yarn</MPJ_HOME>
<Debug>false</Debug>
<DebugPort>24500</DebugPort>
<Profiler>false</Profiler>
</MPJProcessInfo>

 DEBUG mpjdaemon  - configFilePath
 DEBUG mpjdaemon  - Config file created :
 DEBUG mpjdaemon  - modified: jArgs[0]=-cp
 DEBUG mpjdaemon  - modified: jArgs[1]=.:/export/home/hamza.zafar/mpjexpress-code/mpj-yarn/lib/loader1.jar:/export/home/hamza.zafar/mpjexpress-code/mpj-yarn/lib/mpj.jar:/export/home/hamza.zafar/mpjexpress-code/mpj-yarn/lib/log4j-1.2.11.jar:/export/home/hamza.zafar/mpjexpress-code/mpj-yarn/lib/wrapper.jar:/state/partition1/home/hamza.zafar/mpjusr:/export/home/hamza.zafar/mpjusr
 DEBUG mpjdaemon  - 
******************ARGUMENTS PASSED TO PB********************

 DEBUG mpjdaemon  - arguments[0] = java
 DEBUG mpjdaemon  - arguments[1] = -cp
 DEBUG mpjdaemon  - arguments[2] = .:/export/home/hamza.zafar/mpjexpress-code/mpj-yarn/lib/loader1.jar:/export/home/hamza.zafar/mpjexpress-code/mpj-yarn/lib/mpj.jar:/export/home/hamza.zafar/mpjexpress-code/mpj-yarn/lib/log4j-1.2.11.jar:/export/home/hamza.zafar/mpjexpress-code/mpj-yarn/lib/wrapper.jar:/state/partition1/home/hamza.zafar/mpjusr:/export/home/hamza.zafar/mpjusr
 DEBUG mpjdaemon  - arguments[3] = runtime.daemon.Wrapper
 DEBUG mpjdaemon  - arguments[4] = #Number of Processes;2;#Protocol Switch Limit;131072;
 DEBUG mpjdaemon  - arguments[5] = 2
 DEBUG mpjdaemon  - arguments[6] = niodev
 DEBUG mpjdaemon  - arguments[7] = barq.seecs.edu.pk
 DEBUG mpjdaemon  - arguments[8] = 40003
 DEBUG mpjdaemon  - arguments[9] = 0
 DEBUG mpjdaemon  - arguments[10] = HelloWorld
 DEBUG mpjdaemon  - arguments[11] = 1
 DEBUG mpjdaemon  - starting the process 
 DEBUG mpjdaemon  - started the process 
 DEBUG mpjdaemon  - 
******************ARGUMENTS PASSED TO PB********************

 DEBUG mpjdaemon  - arguments[0] = java
 DEBUG mpjdaemon  - arguments[1] = -cp
 DEBUG mpjdaemon  - arguments[2] = .:/export/home/hamza.zafar/mpjexpress-code/mpj-yarn/lib/loader1.jar:/export/home/hamza.zafar/mpjexpress-code/mpj-yarn/lib/mpj.jar:/export/home/hamza.zafar/mpjexpress-code/mpj-yarn/lib/log4j-1.2.11.jar:/export/home/hamza.zafar/mpjexpress-code/mpj-yarn/lib/wrapper.jar:/state/partition1/home/hamza.zafar/mpjusr:/export/home/hamza.zafar/mpjusr
 DEBUG mpjdaemon  - arguments[3] = runtime.daemon.Wrapper
 DEBUG mpjdaemon  - arguments[4] = #Number of Processes;2;#Protocol Switch Limit;131072;
 DEBUG mpjdaemon  - arguments[5] = 2
 DEBUG mpjdaemon  - arguments[6] = niodev
 DEBUG mpjdaemon  - arguments[7] = barq.seecs.edu.pk
 DEBUG mpjdaemon  - arguments[8] = 40003
 DEBUG mpjdaemon  - arguments[9] = 1
 DEBUG mpjdaemon  - arguments[10] = HelloWorld
 DEBUG mpjdaemon  - arguments[11] = 1
 DEBUG mpjdaemon  - starting the process 
 DEBUG mpjdaemon  - outputting ...
 DEBUG mpjdaemon  - started the process 
 DEBUG mpjdaemon  - outputting ...
 DEBUG mpjdaemon  - Stopping the output
 DEBUG mpjdaemon  - Job Finished
 DEBUG mpjdaemon  - 

 ** .. execution ends .. ** 


 DEBUG mpjdaemon  - Accepted connection
 DEBUG mpjdaemon  - Accepting connection ..
 DEBUG mpjdaemon  - Job Started
 DEBUG mpjdaemon  - Ticket length 894
 DEBUG mpjdaemon  - <MPJProcessInfo>
<TicketID>481349a6-4c77-44d2-8fdb-a6fd3aee2878</TicketID>
<ClassPath>/state/partition1/home/hamza.zafar/mpjusr</ClassPath>
<MasterNode>barq.seecs.edu.pk</MasterNode>
<MasterPort>40003</MasterPort>
<ProcessCount>2</ProcessCount>
<StartingRank>0</StartingRank>
<JvmArgs/>
<WorkingDirectory>/export/home/hamza.zafar/mpjusr</WorkingDirectory>
<ZippedSource>false</ZippedSource>
<MainClass>HelloWorld</MainClass>
<DeviceName>niodev</DeviceName>
<ConfFileContents>#Number of Processes;2;#Protocol Switch Limit;131072;</ConfFileContents>
<AppArgs/>
<UserID>hamza.zafar</UserID>
<NetworkProcessCount>-1</NetworkProcessCount>
<TotalProcessCount>-1</TotalProcessCount>
<NetworkDevice>niodev</NetworkDevice>
<MPJ_HOME>/export/home/hamza.zafar/mpjexpress-code/mpj-yarn</MPJ_HOME>
<Debug>false</Debug>
<DebugPort>24500</DebugPort>
<Profiler>false</Profiler>
</MPJProcessInfo>

 DEBUG mpjdaemon  - configFilePath
 DEBUG mpjdaemon  - Config file created :
 DEBUG mpjdaemon  - modified: jArgs[0]=-cp
 DEBUG mpjdaemon  - modified: jArgs[1]=.:/export/home/hamza.zafar/mpjexpress-code/mpj-yarn/lib/loader1.jar:/export/home/hamza.zafar/mpjexpress-code/mpj-yarn/lib/mpj.jar:/export/home/hamza.zafar/mpjexpress-code/mpj-yarn/lib/log4j-1.2.11.jar:/export/home/hamza.zafar/mpjexpress-code/mpj-yarn/lib/wrapper.jar:/state/partition1/home/hamza.zafar/mpjusr:/export/home/hamza.zafar/mpjusr
 DEBUG mpjdaemon  - 
******************ARGUMENTS PASSED TO PB********************

 DEBUG mpjdaemon  - arguments[0] = java
 DEBUG mpjdaemon  - arguments[1] = -cp
 DEBUG mpjdaemon  - arguments[2] = .:/export/home/hamza.zafar/mpjexpress-code/mpj-yarn/lib/loader1.jar:/export/home/hamza.zafar/mpjexpress-code/mpj-yarn/lib/mpj.jar:/export/home/hamza.zafar/mpjexpress-code/mpj-yarn/lib/log4j-1.2.11.jar:/export/home/hamza.zafar/mpjexpress-code/mpj-yarn/lib/wrapper.jar:/state/partition1/home/hamza.zafar/mpjusr:/export/home/hamza.zafar/mpjusr
 DEBUG mpjdaemon  - arguments[3] = runtime.daemon.Wrapper
 DEBUG mpjdaemon  - arguments[4] = #Number of Processes;2;#Protocol Switch Limit;131072;
 DEBUG mpjdaemon  - arguments[5] = 2
 DEBUG mpjdaemon  - arguments[6] = niodev
 DEBUG mpjdaemon  - arguments[7] = barq.seecs.edu.pk
 DEBUG mpjdaemon  - arguments[8] = 40003
 DEBUG mpjdaemon  - arguments[9] = 0
 DEBUG mpjdaemon  - arguments[10] = HelloWorld
 DEBUG mpjdaemon  - starting the process 
 DEBUG mpjdaemon  - started the process 
 DEBUG mpjdaemon  - 
******************ARGUMENTS PASSED TO PB********************

 DEBUG mpjdaemon  - arguments[0] = java
 DEBUG mpjdaemon  - arguments[1] = -cp
 DEBUG mpjdaemon  - arguments[2] = .:/export/home/hamza.zafar/mpjexpress-code/mpj-yarn/lib/loader1.jar:/export/home/hamza.zafar/mpjexpress-code/mpj-yarn/lib/mpj.jar:/export/home/hamza.zafar/mpjexpress-code/mpj-yarn/lib/log4j-1.2.11.jar:/export/home/hamza.zafar/mpjexpress-code/mpj-yarn/lib/wrapper.jar:/state/partition1/home/hamza.zafar/mpjusr:/export/home/hamza.zafar/mpjusr
 DEBUG mpjdaemon  - arguments[3] = runtime.daemon.Wrapper
 DEBUG mpjdaemon  - arguments[4] = #Number of Processes;2;#Protocol Switch Limit;131072;
 DEBUG mpjdaemon  - arguments[5] = 2
 DEBUG mpjdaemon  - arguments[6] = niodev
 DEBUG mpjdaemon  - arguments[7] = barq.seecs.edu.pk
 DEBUG mpjdaemon  - arguments[8] = 40003
 DEBUG mpjdaemon  - arguments[9] = 1
 DEBUG mpjdaemon  - arguments[10] = HelloWorld
 DEBUG mpjdaemon  - starting the process 
 DEBUG mpjdaemon  - outputting ...
 DEBUG mpjdaemon  - started the process 
 DEBUG mpjdaemon  - outputting ...
 DEBUG mpjdaemon  - Stopping the output
 DEBUG mpjdaemon  - Job Finished
 DEBUG mpjdaemon  - 

 ** .. execution ends .. ** 


 DEBUG mpjdaemon  - Accepted connection
 DEBUG mpjdaemon  - Accepting connection ..
 DEBUG mpjdaemon  - Job Started
 DEBUG mpjdaemon  - Ticket length 894
 DEBUG mpjdaemon  - <MPJProcessInfo>
<TicketID>0f3d3dc4-2279-4ed5-bf6a-16923be1776e</TicketID>
<ClassPath>/state/partition1/home/hamza.zafar/mpjusr</ClassPath>
<MasterNode>barq.seecs.edu.pk</MasterNode>
<MasterPort>40003</MasterPort>
<ProcessCount>2</ProcessCount>
<StartingRank>0</StartingRank>
<JvmArgs/>
<WorkingDirectory>/export/home/hamza.zafar/mpjusr</WorkingDirectory>
<ZippedSource>false</ZippedSource>
<MainClass>HelloWorld</MainClass>
<DeviceName>niodev</DeviceName>
<ConfFileContents>#Number of Processes;2;#Protocol Switch Limit;131072;</ConfFileContents>
<AppArgs/>
<UserID>hamza.zafar</UserID>
<NetworkProcessCount>-1</NetworkProcessCount>
<TotalProcessCount>-1</TotalProcessCount>
<NetworkDevice>niodev</NetworkDevice>
<MPJ_HOME>/export/home/hamza.zafar/mpjexpress-code/mpj-yarn</MPJ_HOME>
<Debug>false</Debug>
<DebugPort>24500</DebugPort>
<Profiler>false</Profiler>
</MPJProcessInfo>

 DEBUG mpjdaemon  - configFilePath
 DEBUG mpjdaemon  - Config file created :
 DEBUG mpjdaemon  - modified: jArgs[0]=-cp
 DEBUG mpjdaemon  - modified: jArgs[1]=.:/export/home/hamza.zafar/mpjexpress-code/mpj-yarn/lib/loader1.jar:/export/home/hamza.zafar/mpjexpress-code/mpj-yarn/lib/mpj.jar:/export/home/hamza.zafar/mpjexpress-code/mpj-yarn/lib/log4j-1.2.11.jar:/export/home/hamza.zafar/mpjexpress-code/mpj-yarn/lib/wrapper.jar:/state/partition1/home/hamza.zafar/mpjusr:/export/home/hamza.zafar/mpjusr
 DEBUG mpjdaemon  - 
******************ARGUMENTS PASSED TO PB********************

 DEBUG mpjdaemon  - arguments[0] = java
 DEBUG mpjdaemon  - arguments[1] = -cp
 DEBUG mpjdaemon  - arguments[2] = .:/export/home/hamza.zafar/mpjexpress-code/mpj-yarn/lib/loader1.jar:/export/home/hamza.zafar/mpjexpress-code/mpj-yarn/lib/mpj.jar:/export/home/hamza.zafar/mpjexpress-code/mpj-yarn/lib/log4j-1.2.11.jar:/export/home/hamza.zafar/mpjexpress-code/mpj-yarn/lib/wrapper.jar:/state/partition1/home/hamza.zafar/mpjusr:/export/home/hamza.zafar/mpjusr
 DEBUG mpjdaemon  - arguments[3] = runtime.daemon.Wrapper
 DEBUG mpjdaemon  - arguments[4] = #Number of Processes;2;#Protocol Switch Limit;131072;
 DEBUG mpjdaemon  - arguments[5] = 2
 DEBUG mpjdaemon  - arguments[6] = niodev
 DEBUG mpjdaemon  - arguments[7] = barq.seecs.edu.pk
 DEBUG mpjdaemon  - arguments[8] = 40003
 DEBUG mpjdaemon  - arguments[9] = 0
 DEBUG mpjdaemon  - arguments[10] = HelloWorld
 DEBUG mpjdaemon  - starting the process 
 DEBUG mpjdaemon  - started the process 
 DEBUG mpjdaemon  - 
******************ARGUMENTS PASSED TO PB********************

 DEBUG mpjdaemon  - arguments[0] = java
 DEBUG mpjdaemon  - arguments[1] = -cp
 DEBUG mpjdaemon  - arguments[2] = .:/export/home/hamza.zafar/mpjexpress-code/mpj-yarn/lib/loader1.jar:/export/home/hamza.zafar/mpjexpress-code/mpj-yarn/lib/mpj.jar:/export/home/hamza.zafar/mpjexpress-code/mpj-yarn/lib/log4j-1.2.11.jar:/export/home/hamza.zafar/mpjexpress-code/mpj-yarn/lib/wrapper.jar:/state/partition1/home/hamza.zafar/mpjusr:/export/home/hamza.zafar/mpjusr
 DEBUG mpjdaemon  - arguments[3] = runtime.daemon.Wrapper
 DEBUG mpjdaemon  - arguments[4] = #Number of Processes;2;#Protocol Switch Limit;131072;
 DEBUG mpjdaemon  - arguments[5] = 2
 DEBUG mpjdaemon  - arguments[6] = niodev
 DEBUG mpjdaemon  - arguments[7] = barq.seecs.edu.pk
 DEBUG mpjdaemon  - arguments[8] = 40003
 DEBUG mpjdaemon  - arguments[9] = 1
 DEBUG mpjdaemon  - arguments[10] = HelloWorld
 DEBUG mpjdaemon  - starting the process 
 DEBUG mpjdaemon  - outputting ...
 DEBUG mpjdaemon  - started the process 
 DEBUG mpjdaemon  - outputting ...
 DEBUG mpjdaemon  - Stopping the output
 DEBUG mpjdaemon  - Job Finished
 DEBUG mpjdaemon  - 

 ** .. execution ends .. ** 


 DEBUG mpjdaemon  - Accepted connection
 DEBUG mpjdaemon  - Accepting connection ..
 DEBUG mpjdaemon  - Job Started
 DEBUG mpjdaemon  - Ticket length 894
 DEBUG mpjdaemon  - <MPJProcessInfo>
<TicketID>c778a1a8-e3a7-4336-894d-0b9fe2cf582a</TicketID>
<ClassPath>/state/partition1/home/hamza.zafar/mpjusr</ClassPath>
<MasterNode>barq.seecs.edu.pk</MasterNode>
<MasterPort>40003</MasterPort>
<ProcessCount>2</ProcessCount>
<StartingRank>0</StartingRank>
<JvmArgs/>
<WorkingDirectory>/export/home/hamza.zafar/mpjusr</WorkingDirectory>
<ZippedSource>false</ZippedSource>
<MainClass>HelloWorld</MainClass>
<DeviceName>niodev</DeviceName>
<ConfFileContents>#Number of Processes;2;#Protocol Switch Limit;131072;</ConfFileContents>
<AppArgs/>
<UserID>hamza.zafar</UserID>
<NetworkProcessCount>-1</NetworkProcessCount>
<TotalProcessCount>-1</TotalProcessCount>
<NetworkDevice>niodev</NetworkDevice>
<MPJ_HOME>/export/home/hamza.zafar/mpjexpress-code/mpj-yarn</MPJ_HOME>
<Debug>false</Debug>
<DebugPort>24500</DebugPort>
<Profiler>false</Profiler>
</MPJProcessInfo>

 DEBUG mpjdaemon  - configFilePath
 DEBUG mpjdaemon  - Config file created :
 DEBUG mpjdaemon  - modified: jArgs[0]=-cp
 DEBUG mpjdaemon  - modified: jArgs[1]=.:/export/home/hamza.zafar/mpjexpress-code/mpj-yarn/lib/loader1.jar:/export/home/hamza.zafar/mpjexpress-code/mpj-yarn/lib/mpj.jar:/export/home/hamza.zafar/mpjexpress-code/mpj-yarn/lib/log4j-1.2.11.jar:/export/home/hamza.zafar/mpjexpress-code/mpj-yarn/lib/wrapper.jar:/state/partition1/home/hamza.zafar/mpjusr:/export/home/hamza.zafar/mpjusr
 DEBUG mpjdaemon  - 
******************ARGUMENTS PASSED TO PB********************

 DEBUG mpjdaemon  - arguments[0] = java
 DEBUG mpjdaemon  - arguments[1] = -cp
 DEBUG mpjdaemon  - arguments[2] = .:/export/home/hamza.zafar/mpjexpress-code/mpj-yarn/lib/loader1.jar:/export/home/hamza.zafar/mpjexpress-code/mpj-yarn/lib/mpj.jar:/export/home/hamza.zafar/mpjexpress-code/mpj-yarn/lib/log4j-1.2.11.jar:/export/home/hamza.zafar/mpjexpress-code/mpj-yarn/lib/wrapper.jar:/state/partition1/home/hamza.zafar/mpjusr:/export/home/hamza.zafar/mpjusr
 DEBUG mpjdaemon  - arguments[3] = runtime.daemon.Wrapper
 DEBUG mpjdaemon  - arguments[4] = #Number of Processes;2;#Protocol Switch Limit;131072;
 DEBUG mpjdaemon  - arguments[5] = 2
 DEBUG mpjdaemon  - arguments[6] = niodev
 DEBUG mpjdaemon  - arguments[7] = barq.seecs.edu.pk
 DEBUG mpjdaemon  - arguments[8] = 40003
 DEBUG mpjdaemon  - arguments[9] = 0
 DEBUG mpjdaemon  - arguments[10] = HelloWorld
 DEBUG mpjdaemon  - starting the process 
 DEBUG mpjdaemon  - started the process 
 DEBUG mpjdaemon  - 
******************ARGUMENTS PASSED TO PB********************

 DEBUG mpjdaemon  - arguments[0] = java
 DEBUG mpjdaemon  - arguments[1] = -cp
 DEBUG mpjdaemon  - arguments[2] = .:/export/home/hamza.zafar/mpjexpress-code/mpj-yarn/lib/loader1.jar:/export/home/hamza.zafar/mpjexpress-code/mpj-yarn/lib/mpj.jar:/export/home/hamza.zafar/mpjexpress-code/mpj-yarn/lib/log4j-1.2.11.jar:/export/home/hamza.zafar/mpjexpress-code/mpj-yarn/lib/wrapper.jar:/state/partition1/home/hamza.zafar/mpjusr:/export/home/hamza.zafar/mpjusr
 DEBUG mpjdaemon  - arguments[3] = runtime.daemon.Wrapper
 DEBUG mpjdaemon  - arguments[4] = #Number of Processes;2;#Protocol Switch Limit;131072;
 DEBUG mpjdaemon  - arguments[5] = 2
 DEBUG mpjdaemon  - arguments[6] = niodev
 DEBUG mpjdaemon  - arguments[7] = barq.seecs.edu.pk
 DEBUG mpjdaemon  - arguments[8] = 40003
 DEBUG mpjdaemon  - arguments[9] = 1
 DEBUG mpjdaemon  - arguments[10] = HelloWorld
 DEBUG mpjdaemon  - starting the process 
 DEBUG mpjdaemon  - outputting ...
 DEBUG mpjdaemon  - started the process 
 DEBUG mpjdaemon  - outputting ...
 DEBUG mpjdaemon  - Stopping the output
 DEBUG mpjdaemon  - Job Finished
 DEBUG mpjdaemon  - 

 ** .. execution ends .. ** 


 DEBUG mpjdaemon  - Accepted connection
 DEBUG mpjdaemon  - Accepting connection ..
 DEBUG mpjdaemon  - Job Started
 DEBUG mpjdaemon  - Ticket length 894
 DEBUG mpjdaemon  - <MPJProcessInfo>
<TicketID>673c91ab-eaaf-4b87-af36-f0a86b8a011b</TicketID>
<ClassPath>/state/partition1/home/hamza.zafar/mpjusr</ClassPath>
<MasterNode>barq.seecs.edu.pk</MasterNode>
<MasterPort>40003</MasterPort>
<ProcessCount>2</ProcessCount>
<StartingRank>0</StartingRank>
<JvmArgs/>
<WorkingDirectory>/export/home/hamza.zafar/mpjusr</WorkingDirectory>
<ZippedSource>false</ZippedSource>
<MainClass>HelloWorld</MainClass>
<DeviceName>niodev</DeviceName>
<ConfFileContents>#Number of Processes;2;#Protocol Switch Limit;131072;</ConfFileContents>
<AppArgs/>
<UserID>hamza.zafar</UserID>
<NetworkProcessCount>-1</NetworkProcessCount>
<TotalProcessCount>-1</TotalProcessCount>
<NetworkDevice>niodev</NetworkDevice>
<MPJ_HOME>/export/home/hamza.zafar/mpjexpress-code/mpj-yarn</MPJ_HOME>
<Debug>false</Debug>
<DebugPort>24500</DebugPort>
<Profiler>false</Profiler>
</MPJProcessInfo>

 DEBUG mpjdaemon  - configFilePath
 DEBUG mpjdaemon  - Config file created :
 DEBUG mpjdaemon  - modified: jArgs[0]=-cp
 DEBUG mpjdaemon  - modified: jArgs[1]=.:/export/home/hamza.zafar/mpjexpress-code/mpj-yarn/lib/loader1.jar:/export/home/hamza.zafar/mpjexpress-code/mpj-yarn/lib/mpj.jar:/export/home/hamza.zafar/mpjexpress-code/mpj-yarn/lib/log4j-1.2.11.jar:/export/home/hamza.zafar/mpjexpress-code/mpj-yarn/lib/wrapper.jar:/state/partition1/home/hamza.zafar/mpjusr:/export/home/hamza.zafar/mpjusr
 DEBUG mpjdaemon  - 
******************ARGUMENTS PASSED TO PB********************

 DEBUG mpjdaemon  - arguments[0] = java
 DEBUG mpjdaemon  - arguments[1] = -cp
 DEBUG mpjdaemon  - arguments[2] = .:/export/home/hamza.zafar/mpjexpress-code/mpj-yarn/lib/loader1.jar:/export/home/hamza.zafar/mpjexpress-code/mpj-yarn/lib/mpj.jar:/export/home/hamza.zafar/mpjexpress-code/mpj-yarn/lib/log4j-1.2.11.jar:/export/home/hamza.zafar/mpjexpress-code/mpj-yarn/lib/wrapper.jar:/state/partition1/home/hamza.zafar/mpjusr:/export/home/hamza.zafar/mpjusr
 DEBUG mpjdaemon  - arguments[3] = runtime.daemon.Wrapper
 DEBUG mpjdaemon  - arguments[4] = #Number of Processes;2;#Protocol Switch Limit;131072;
 DEBUG mpjdaemon  - arguments[5] = 2
 DEBUG mpjdaemon  - arguments[6] = niodev
 DEBUG mpjdaemon  - arguments[7] = barq.seecs.edu.pk
 DEBUG mpjdaemon  - arguments[8] = 40003
 DEBUG mpjdaemon  - arguments[9] = 0
 DEBUG mpjdaemon  - arguments[10] = HelloWorld
 DEBUG mpjdaemon  - starting the process 
 DEBUG mpjdaemon  - started the process 
 DEBUG mpjdaemon  - 
******************ARGUMENTS PASSED TO PB********************

 DEBUG mpjdaemon  - arguments[0] = java
 DEBUG mpjdaemon  - arguments[1] = -cp
 DEBUG mpjdaemon  - arguments[2] = .:/export/home/hamza.zafar/mpjexpress-code/mpj-yarn/lib/loader1.jar:/export/home/hamza.zafar/mpjexpress-code/mpj-yarn/lib/mpj.jar:/export/home/hamza.zafar/mpjexpress-code/mpj-yarn/lib/log4j-1.2.11.jar:/export/home/hamza.zafar/mpjexpress-code/mpj-yarn/lib/wrapper.jar:/state/partition1/home/hamza.zafar/mpjusr:/export/home/hamza.zafar/mpjusr
 DEBUG mpjdaemon  - arguments[3] = runtime.daemon.Wrapper
 DEBUG mpjdaemon  - arguments[4] = #Number of Processes;2;#Protocol Switch Limit;131072;
 DEBUG mpjdaemon  - arguments[5] = 2
 DEBUG mpjdaemon  - arguments[6] = niodev
 DEBUG mpjdaemon  - arguments[7] = barq.seecs.edu.pk
 DEBUG mpjdaemon  - arguments[8] = 40003
 DEBUG mpjdaemon  - arguments[9] = 1
 DEBUG mpjdaemon  - arguments[10] = HelloWorld
 DEBUG mpjdaemon  - starting the process 
 DEBUG mpjdaemon  - outputting ...
 DEBUG mpjdaemon  - started the process 
 DEBUG mpjdaemon  - outputting ...
 DEBUG mpjdaemon  - Stopping the output
 DEBUG mpjdaemon  - Job Finished
 DEBUG mpjdaemon  - 

 ** .. execution ends .. ** 


 DEBUG mpjdaemon  - Accepted connection
 DEBUG mpjdaemon  - Accepting connection ..
 DEBUG mpjdaemon  - Job Started
 DEBUG mpjdaemon  - Ticket length 894
 DEBUG mpjdaemon  - <MPJProcessInfo>
<TicketID>638507c2-2c7e-4cd0-936f-5dd5d8e15459</TicketID>
<ClassPath>/state/partition1/home/hamza.zafar/mpjusr</ClassPath>
<MasterNode>barq.seecs.edu.pk</MasterNode>
<MasterPort>40003</MasterPort>
<ProcessCount>2</ProcessCount>
<StartingRank>0</StartingRank>
<JvmArgs/>
<WorkingDirectory>/export/home/hamza.zafar/mpjusr</WorkingDirectory>
<ZippedSource>false</ZippedSource>
<MainClass>HelloWorld</MainClass>
<DeviceName>niodev</DeviceName>
<ConfFileContents>#Number of Processes;2;#Protocol Switch Limit;131072;</ConfFileContents>
<AppArgs/>
<UserID>hamza.zafar</UserID>
<NetworkProcessCount>-1</NetworkProcessCount>
<TotalProcessCount>-1</TotalProcessCount>
<NetworkDevice>niodev</NetworkDevice>
<MPJ_HOME>/export/home/hamza.zafar/mpjexpress-code/mpj-yarn</MPJ_HOME>
<Debug>false</Debug>
<DebugPort>24500</DebugPort>
<Profiler>false</Profiler>
</MPJProcessInfo>

 DEBUG mpjdaemon  - configFilePath
 DEBUG mpjdaemon  - Config file created :
 DEBUG mpjdaemon  - modified: jArgs[0]=-cp
 DEBUG mpjdaemon  - modified: jArgs[1]=.:/export/home/hamza.zafar/mpjexpress-code/mpj-yarn/lib/loader1.jar:/export/home/hamza.zafar/mpjexpress-code/mpj-yarn/lib/mpj.jar:/export/home/hamza.zafar/mpjexpress-code/mpj-yarn/lib/log4j-1.2.11.jar:/export/home/hamza.zafar/mpjexpress-code/mpj-yarn/lib/wrapper.jar:/state/partition1/home/hamza.zafar/mpjusr:/export/home/hamza.zafar/mpjusr
 DEBUG mpjdaemon  - 
******************ARGUMENTS PASSED TO PB********************

 DEBUG mpjdaemon  - arguments[0] = java
 DEBUG mpjdaemon  - arguments[1] = -cp
 DEBUG mpjdaemon  - arguments[2] = .:/export/home/hamza.zafar/mpjexpress-code/mpj-yarn/lib/loader1.jar:/export/home/hamza.zafar/mpjexpress-code/mpj-yarn/lib/mpj.jar:/export/home/hamza.zafar/mpjexpress-code/mpj-yarn/lib/log4j-1.2.11.jar:/export/home/hamza.zafar/mpjexpress-code/mpj-yarn/lib/wrapper.jar:/state/partition1/home/hamza.zafar/mpjusr:/export/home/hamza.zafar/mpjusr
 DEBUG mpjdaemon  - arguments[3] = runtime.daemon.Wrapper
 DEBUG mpjdaemon  - arguments[4] = #Number of Processes;2;#Protocol Switch Limit;131072;
 DEBUG mpjdaemon  - arguments[5] = 2
 DEBUG mpjdaemon  - arguments[6] = niodev
 DEBUG mpjdaemon  - arguments[7] = barq.seecs.edu.pk
 DEBUG mpjdaemon  - arguments[8] = 40003
 DEBUG mpjdaemon  - arguments[9] = 0
 DEBUG mpjdaemon  - arguments[10] = HelloWorld
 DEBUG mpjdaemon  - starting the process 
 DEBUG mpjdaemon  - started the process 
 DEBUG mpjdaemon  - 
******************ARGUMENTS PASSED TO PB********************

 DEBUG mpjdaemon  - arguments[0] = java
 DEBUG mpjdaemon  - arguments[1] = -cp
 DEBUG mpjdaemon  - arguments[2] = .:/export/home/hamza.zafar/mpjexpress-code/mpj-yarn/lib/loader1.jar:/export/home/hamza.zafar/mpjexpress-code/mpj-yarn/lib/mpj.jar:/export/home/hamza.zafar/mpjexpress-code/mpj-yarn/lib/log4j-1.2.11.jar:/export/home/hamza.zafar/mpjexpress-code/mpj-yarn/lib/wrapper.jar:/state/partition1/home/hamza.zafar/mpjusr:/export/home/hamza.zafar/mpjusr
 DEBUG mpjdaemon  - arguments[3] = runtime.daemon.Wrapper
 DEBUG mpjdaemon  - arguments[4] = #Number of Processes;2;#Protocol Switch Limit;131072;
 DEBUG mpjdaemon  - arguments[5] = 2
 DEBUG mpjdaemon  - arguments[6] = niodev
 DEBUG mpjdaemon  - arguments[7] = barq.seecs.edu.pk
 DEBUG mpjdaemon  - arguments[8] = 40003
 DEBUG mpjdaemon  - arguments[9] = 1
 DEBUG mpjdaemon  - arguments[10] = HelloWorld
 DEBUG mpjdaemon  - starting the process 
 DEBUG mpjdaemon  - outputting ...
 DEBUG mpjdaemon  - started the process 
 DEBUG mpjdaemon  - outputting ...
 DEBUG mpjdaemon  - Stopping the output
 DEBUG mpjdaemon  - Job Finished
 DEBUG mpjdaemon  - 

 ** .. execution ends .. ** 


 DEBUG mpjdaemon  - Accepted connection
 DEBUG mpjdaemon  - Accepting connection ..
 DEBUG mpjdaemon  - Job Started
 DEBUG mpjdaemon  - Ticket length 894
 DEBUG mpjdaemon  - <MPJProcessInfo>
<TicketID>10b1f000-e8ab-43c4-b4f8-c36bb758b29e</TicketID>
<ClassPath>/state/partition1/home/hamza.zafar/mpjusr</ClassPath>
<MasterNode>barq.seecs.edu.pk</MasterNode>
<MasterPort>40003</MasterPort>
<ProcessCount>2</ProcessCount>
<StartingRank>0</StartingRank>
<JvmArgs/>
<WorkingDirectory>/export/home/hamza.zafar/mpjusr</WorkingDirectory>
<ZippedSource>false</ZippedSource>
<MainClass>HelloWorld</MainClass>
<DeviceName>niodev</DeviceName>
<ConfFileContents>#Number of Processes;2;#Protocol Switch Limit;131072;</ConfFileContents>
<AppArgs/>
<UserID>hamza.zafar</UserID>
<NetworkProcessCount>-1</NetworkProcessCount>
<TotalProcessCount>-1</TotalProcessCount>
<NetworkDevice>niodev</NetworkDevice>
<MPJ_HOME>/export/home/hamza.zafar/mpjexpress-code/mpj-yarn</MPJ_HOME>
<Debug>false</Debug>
<DebugPort>24500</DebugPort>
<Profiler>false</Profiler>
</MPJProcessInfo>

 DEBUG mpjdaemon  - configFilePath
 DEBUG mpjdaemon  - Config file created :
 DEBUG mpjdaemon  - modified: jArgs[0]=-cp
 DEBUG mpjdaemon  - modified: jArgs[1]=.:/export/home/hamza.zafar/mpjexpress-code/mpj-yarn/lib/loader1.jar:/export/home/hamza.zafar/mpjexpress-code/mpj-yarn/lib/mpj.jar:/export/home/hamza.zafar/mpjexpress-code/mpj-yarn/lib/log4j-1.2.11.jar:/export/home/hamza.zafar/mpjexpress-code/mpj-yarn/lib/wrapper.jar:/state/partition1/home/hamza.zafar/mpjusr:/export/home/hamza.zafar/mpjusr
 DEBUG mpjdaemon  - 
******************ARGUMENTS PASSED TO PB********************

 DEBUG mpjdaemon  - arguments[0] = java
 DEBUG mpjdaemon  - arguments[1] = -cp
 DEBUG mpjdaemon  - arguments[2] = .:/export/home/hamza.zafar/mpjexpress-code/mpj-yarn/lib/loader1.jar:/export/home/hamza.zafar/mpjexpress-code/mpj-yarn/lib/mpj.jar:/export/home/hamza.zafar/mpjexpress-code/mpj-yarn/lib/log4j-1.2.11.jar:/export/home/hamza.zafar/mpjexpress-code/mpj-yarn/lib/wrapper.jar:/state/partition1/home/hamza.zafar/mpjusr:/export/home/hamza.zafar/mpjusr
 DEBUG mpjdaemon  - arguments[3] = runtime.daemon.Wrapper
 DEBUG mpjdaemon  - arguments[4] = #Number of Processes;2;#Protocol Switch Limit;131072;
 DEBUG mpjdaemon  - arguments[5] = 2
 DEBUG mpjdaemon  - arguments[6] = niodev
 DEBUG mpjdaemon  - arguments[7] = barq.seecs.edu.pk
 DEBUG mpjdaemon  - arguments[8] = 40003
 DEBUG mpjdaemon  - arguments[9] = 0
 DEBUG mpjdaemon  - arguments[10] = HelloWorld
 DEBUG mpjdaemon  - starting the process 
 DEBUG mpjdaemon  - started the process 
 DEBUG mpjdaemon  - 
******************ARGUMENTS PASSED TO PB********************

 DEBUG mpjdaemon  - arguments[0] = java
 DEBUG mpjdaemon  - arguments[1] = -cp
 DEBUG mpjdaemon  - arguments[2] = .:/export/home/hamza.zafar/mpjexpress-code/mpj-yarn/lib/loader1.jar:/export/home/hamza.zafar/mpjexpress-code/mpj-yarn/lib/mpj.jar:/export/home/hamza.zafar/mpjexpress-code/mpj-yarn/lib/log4j-1.2.11.jar:/export/home/hamza.zafar/mpjexpress-code/mpj-yarn/lib/wrapper.jar:/state/partition1/home/hamza.zafar/mpjusr:/export/home/hamza.zafar/mpjusr
 DEBUG mpjdaemon  - arguments[3] = runtime.daemon.Wrapper
 DEBUG mpjdaemon  - arguments[4] = #Number of Processes;2;#Protocol Switch Limit;131072;
 DEBUG mpjdaemon  - arguments[5] = 2
 DEBUG mpjdaemon  - arguments[6] = niodev
 DEBUG mpjdaemon  - arguments[7] = barq.seecs.edu.pk
 DEBUG mpjdaemon  - arguments[8] = 40003
 DEBUG mpjdaemon  - arguments[9] = 1
 DEBUG mpjdaemon  - arguments[10] = HelloWorld
 DEBUG mpjdaemon  - starting the process 
 DEBUG mpjdaemon  - outputting ...
 DEBUG mpjdaemon  - started the process 
 DEBUG mpjdaemon  - outputting ...
 DEBUG mpjdaemon  - Stopping the output
 DEBUG mpjdaemon  - Job Finished
 DEBUG mpjdaemon  - 

 ** .. execution ends .. ** 


