 INFO  mpj  - --init method of niodev is called--
 INFO  mpj  - Address: compute-0-1.local/10.2.255.253
 INFO  mpj  - Name :compute-0-1.local
 INFO  mpj  - rank :2
 INFO  mpj  - Original string: #Number of Processes;6;#Protocol Switch Limit;131072;#Peer Information;10.2.255.253@26606@34342@0@0;10.2.255.253@27684@39148@1@0;10.2.255.253@36179@33846@2@0;10.2.255.252@26072@28233@3@0;10.2.255.252@38463@29130@4@0;10.2.255.252@27672@36472@5@0
 INFO  mpj  - Parsing string arguments..
 INFO  mpj  - #Number of Processes
 INFO  mpj  - Number of processes:6
 INFO  mpj  - #Protocol Switch Limit
 INFO  mpj  - Protocol Switch Limit:131072
 INFO  mpj  - #Peer Information
 DEBUG mpj  - created writableServerChannel on port 36179
 DEBUG mpj  - created readableServerChannel on port 33846
 DEBUG mpj  - Connecting to 10.2.255.253@26606
 DEBUG mpj  - Connecting to 10.2.255.253@27684
 DEBUG mpj  - Connecting to 10.2.255.253@34342
 DEBUG mpj  - Connecting to 10.2.255.253@39148
 DEBUG mpj  - Dont connect to itself, so contine;
 DEBUG mpj  - Starting the selector thread 
 DEBUG mpj  - testing if all peers are connected?
 INFO  mpj  - selector Thread started 
 DEBUG mpj  - ---selector EVENT---
 DEBUG mpj  - selector calling doAccept (data-channel) 
 DEBUG mpj  - ---doAccept---
 DEBUG mpj  - Added channel java.nio.channels.SocketChannel[connected local=/10.2.255.253:36179 remote=/10.2.255.252:33285]
 DEBUG mpj  - Now the size is <3>
 DEBUG mpj  - --doAccept ends--
 DEBUG mpj  -  returning false
 DEBUG mpj  - ---selector EVENT---
 DEBUG mpj  - ---READ_EVENT----21
 DEBUG mpj  - ---barrierRead---
 DEBUG mpj  - (after ck) trying to add rank 0into table {}
 DEBUG mpj  - Adding rank 0into table {dc254086-89c2-4725-bd11-ff5545eb2f4d=java.nio.channels.SocketChannel[connected local=/10.2.255.253:36870 remote=/10.2.255.253:26606]}
 DEBUG mpj  - ---selector EVENT---
 DEBUG mpj  - ---READ_EVENT----21
 DEBUG mpj  - ---barrierRead---
 DEBUG mpj  - (after ck) trying to add rank 1into table {dc254086-89c2-4725-bd11-ff5545eb2f4d=java.nio.channels.SocketChannel[connected local=/10.2.255.253:36870 remote=/10.2.255.253:26606]}
 DEBUG mpj  - Adding rank 1into table {dc254086-89c2-4725-bd11-ff5545eb2f4d=java.nio.channels.SocketChannel[connected local=/10.2.255.253:36870 remote=/10.2.255.253:26606], 491d4315-ce3c-4c19-a599-48765bf45a15=java.nio.channels.SocketChannel[connected local=/10.2.255.253:47877 remote=/10.2.255.253:27684]}
 DEBUG mpj  - ---selector EVENT---
 DEBUG mpj  - selector calling doAccept (ctrl-channel) 
 DEBUG mpj  - ---doAccept---
 DEBUG mpj  - Added channel java.nio.channels.SocketChannel[connected local=/10.2.255.253:33846 remote=/10.2.255.252:35982]
 DEBUG mpj  - Now the size is <3>
 DEBUG mpj  - --doAccept ends--
 DEBUG mpj  -  returning false
 DEBUG mpj  - ---selector EVENT---
 DEBUG mpj  - selector calling doAccept (data-channel) 
 DEBUG mpj  - ---doAccept---
 DEBUG mpj  - Added channel java.nio.channels.SocketChannel[connected local=/10.2.255.253:36179 remote=/10.2.255.252:33286]
 DEBUG mpj  - Now the size is <4>
 DEBUG mpj  - --doAccept ends--
 DEBUG mpj  -  returning false
 DEBUG mpj  - ---selector EVENT---
 DEBUG mpj  - selector calling doAccept (ctrl-channel) 
 DEBUG mpj  - ---doAccept---
 DEBUG mpj  - Added channel java.nio.channels.SocketChannel[connected local=/10.2.255.253:33846 remote=/10.2.255.252:35983]
 DEBUG mpj  - Now the size is <4>
 DEBUG mpj  - --doAccept ends--
 DEBUG mpj  -  returning false
 DEBUG mpj  - ---selector EVENT---
 DEBUG mpj  - ---READ_EVENT----21
 DEBUG mpj  - ---barrierRead---
 DEBUG mpj  - (after ck) trying to add rank 3into table {dc254086-89c2-4725-bd11-ff5545eb2f4d=java.nio.channels.SocketChannel[connected local=/10.2.255.253:36870 remote=/10.2.255.253:26606], 491d4315-ce3c-4c19-a599-48765bf45a15=java.nio.channels.SocketChannel[connected local=/10.2.255.253:47877 remote=/10.2.255.253:27684]}
 DEBUG mpj  - Adding rank 3into table {dc254086-89c2-4725-bd11-ff5545eb2f4d=java.nio.channels.SocketChannel[connected local=/10.2.255.253:36870 remote=/10.2.255.253:26606], 8d1ba878-63e4-4b0a-bfdf-a2a792639be2=java.nio.channels.SocketChannel[connected local=/10.2.255.253:33846 remote=/10.2.255.252:35982], 491d4315-ce3c-4c19-a599-48765bf45a15=java.nio.channels.SocketChannel[connected local=/10.2.255.253:47877 remote=/10.2.255.253:27684]}
 DEBUG mpj  - ---selector EVENT---
 DEBUG mpj  - selector calling doAccept (data-channel) 
 DEBUG mpj  - ---doAccept---
 DEBUG mpj  - Added channel java.nio.channels.SocketChannel[connected local=/10.2.255.253:36179 remote=/10.2.255.252:33295]
 DEBUG mpj  - Now the size is <5>
 DEBUG mpj  -  notifying and returning true
 DEBUG mpj  - ---selector EVENT---
 DEBUG mpj  - selector calling doAccept (ctrl-channel) 
 DEBUG mpj  - ---doAccept---
 DEBUG mpj  - Added channel java.nio.channels.SocketChannel[connected local=/10.2.255.253:33846 remote=/10.2.255.252:35990]
 DEBUG mpj  - Now the size is <5>
 DEBUG mpj  -  notifying and returning true
 INFO  mpj  -  Yes all nodes are connected to each other 
 DEBUG mpj  - rank<2>is sending its rank,msb,lsb, to all data channels
 DEBUG mpj  - rank<2> testing if everything is received? 
 DEBUG mpj  - ---selector EVENT---
 DEBUG mpj  - ---READ_EVENT----21
 DEBUG mpj  - ---barrierRead---
 DEBUG mpj  - (after ck) trying to add rank 4into table {dc254086-89c2-4725-bd11-ff5545eb2f4d=java.nio.channels.SocketChannel[connected local=/10.2.255.253:36870 remote=/10.2.255.253:26606], 8d1ba878-63e4-4b0a-bfdf-a2a792639be2=java.nio.channels.SocketChannel[connected local=/10.2.255.253:33846 remote=/10.2.255.252:35982], 491d4315-ce3c-4c19-a599-48765bf45a15=java.nio.channels.SocketChannel[connected local=/10.2.255.253:47877 remote=/10.2.255.253:27684]}
 DEBUG mpj  - Adding rank 4into table {dc254086-89c2-4725-bd11-ff5545eb2f4d=java.nio.channels.SocketChannel[connected local=/10.2.255.253:36870 remote=/10.2.255.253:26606], 8d1ba878-63e4-4b0a-bfdf-a2a792639be2=java.nio.channels.SocketChannel[connected local=/10.2.255.253:33846 remote=/10.2.255.252:35982], ebc6b148-490a-4999-a0cf-88e169a178c5=java.nio.channels.SocketChannel[connected local=/10.2.255.253:33846 remote=/10.2.255.252:35983], 491d4315-ce3c-4c19-a599-48765bf45a15=java.nio.channels.SocketChannel[connected local=/10.2.255.253:47877 remote=/10.2.255.253:27684]}
 DEBUG mpj  - ---selector EVENT---
 DEBUG mpj  - WRITE_EVENT (should not see it)
 DEBUG mpj  - In, WRITABLE, changing interestOps to READ_ONLY
 DEBUG mpj  - ---selector EVENT---
 DEBUG mpj  - WRITE_EVENT (should not see it)
 DEBUG mpj  - In, WRITABLE, changing interestOps to READ_ONLY
 DEBUG mpj  - ---selector EVENT---
 DEBUG mpj  - ---READ_EVENT----21
 DEBUG mpj  - ---barrierRead---
 DEBUG mpj  - (after ck) trying to add rank 5into table {dc254086-89c2-4725-bd11-ff5545eb2f4d=java.nio.channels.SocketChannel[connected local=/10.2.255.253:36870 remote=/10.2.255.253:26606], 8d1ba878-63e4-4b0a-bfdf-a2a792639be2=java.nio.channels.SocketChannel[connected local=/10.2.255.253:33846 remote=/10.2.255.252:35982], ebc6b148-490a-4999-a0cf-88e169a178c5=java.nio.channels.SocketChannel[connected local=/10.2.255.253:33846 remote=/10.2.255.252:35983], 491d4315-ce3c-4c19-a599-48765bf45a15=java.nio.channels.SocketChannel[connected local=/10.2.255.253:47877 remote=/10.2.255.253:27684]}
 DEBUG mpj  - Adding rank 5into table {dc254086-89c2-4725-bd11-ff5545eb2f4d=java.nio.channels.SocketChannel[connected local=/10.2.255.253:36870 remote=/10.2.255.253:26606], 44c85332-8715-48a4-aea8-f1104c16b9ab=java.nio.channels.SocketChannel[connected local=/10.2.255.253:33846 remote=/10.2.255.252:35990], 8d1ba878-63e4-4b0a-bfdf-a2a792639be2=java.nio.channels.SocketChannel[connected local=/10.2.255.253:33846 remote=/10.2.255.252:35982], ebc6b148-490a-4999-a0cf-88e169a178c5=java.nio.channels.SocketChannel[connected local=/10.2.255.253:33846 remote=/10.2.255.252:35983], 491d4315-ce3c-4c19-a599-48765bf45a15=java.nio.channels.SocketChannel[connected local=/10.2.255.253:47877 remote=/10.2.255.253:27684]}
 DEBUG mpj  - worldReadableTable is filled 
 DEBUG mpj  - ---barrierRead---
 DEBUG mpj  - (after ck) trying to add rank 0into table {}
 DEBUG mpj  - Adding rank 0into table {dc254086-89c2-4725-bd11-ff5545eb2f4d=java.nio.channels.SocketChannel[connected local=/10.2.255.253:45686 remote=/10.2.255.253:34342]}
 DEBUG mpj  - ---barrierRead---
 DEBUG mpj  - (after ck) trying to add rank 1into table {dc254086-89c2-4725-bd11-ff5545eb2f4d=java.nio.channels.SocketChannel[connected local=/10.2.255.253:45686 remote=/10.2.255.253:34342]}
 DEBUG mpj  - Adding rank 1into table {dc254086-89c2-4725-bd11-ff5545eb2f4d=java.nio.channels.SocketChannel[connected local=/10.2.255.253:45686 remote=/10.2.255.253:34342], 491d4315-ce3c-4c19-a599-48765bf45a15=java.nio.channels.SocketChannel[connected local=/10.2.255.253:58328 remote=/10.2.255.253:39148]}
 DEBUG mpj  - ---barrierRead---
 DEBUG mpj  - (after ck) trying to add rank 4into table {dc254086-89c2-4725-bd11-ff5545eb2f4d=java.nio.channels.SocketChannel[connected local=/10.2.255.253:45686 remote=/10.2.255.253:34342], 491d4315-ce3c-4c19-a599-48765bf45a15=java.nio.channels.SocketChannel[connected local=/10.2.255.253:58328 remote=/10.2.255.253:39148]}
 DEBUG mpj  - Adding rank 4into table {dc254086-89c2-4725-bd11-ff5545eb2f4d=java.nio.channels.SocketChannel[connected local=/10.2.255.253:45686 remote=/10.2.255.253:34342], ebc6b148-490a-4999-a0cf-88e169a178c5=java.nio.channels.SocketChannel[connected local=/10.2.255.253:36179 remote=/10.2.255.252:33285], 491d4315-ce3c-4c19-a599-48765bf45a15=java.nio.channels.SocketChannel[connected local=/10.2.255.253:58328 remote=/10.2.255.253:39148]}
 DEBUG mpj  - ---barrierRead---
 DEBUG mpj  - (after ck) trying to add rank 3into table {dc254086-89c2-4725-bd11-ff5545eb2f4d=java.nio.channels.SocketChannel[connected local=/10.2.255.253:45686 remote=/10.2.255.253:34342], ebc6b148-490a-4999-a0cf-88e169a178c5=java.nio.channels.SocketChannel[connected local=/10.2.255.253:36179 remote=/10.2.255.252:33285], 491d4315-ce3c-4c19-a599-48765bf45a15=java.nio.channels.SocketChannel[connected local=/10.2.255.253:58328 remote=/10.2.255.253:39148]}
 DEBUG mpj  - Adding rank 3into table {dc254086-89c2-4725-bd11-ff5545eb2f4d=java.nio.channels.SocketChannel[connected local=/10.2.255.253:45686 remote=/10.2.255.253:34342], 8d1ba878-63e4-4b0a-bfdf-a2a792639be2=java.nio.channels.SocketChannel[connected local=/10.2.255.253:36179 remote=/10.2.255.252:33286], ebc6b148-490a-4999-a0cf-88e169a178c5=java.nio.channels.SocketChannel[connected local=/10.2.255.253:36179 remote=/10.2.255.252:33285], 491d4315-ce3c-4c19-a599-48765bf45a15=java.nio.channels.SocketChannel[connected local=/10.2.255.253:58328 remote=/10.2.255.253:39148]}
 DEBUG mpj  - ---barrierRead---
 DEBUG mpj  - (after ck) trying to add rank 5into table {dc254086-89c2-4725-bd11-ff5545eb2f4d=java.nio.channels.SocketChannel[connected local=/10.2.255.253:45686 remote=/10.2.255.253:34342], 8d1ba878-63e4-4b0a-bfdf-a2a792639be2=java.nio.channels.SocketChannel[connected local=/10.2.255.253:36179 remote=/10.2.255.252:33286], ebc6b148-490a-4999-a0cf-88e169a178c5=java.nio.channels.SocketChannel[connected local=/10.2.255.253:36179 remote=/10.2.255.252:33285], 491d4315-ce3c-4c19-a599-48765bf45a15=java.nio.channels.SocketChannel[connected local=/10.2.255.253:58328 remote=/10.2.255.253:39148]}
 DEBUG mpj  - Adding rank 5into table {dc254086-89c2-4725-bd11-ff5545eb2f4d=java.nio.channels.SocketChannel[connected local=/10.2.255.253:45686 remote=/10.2.255.253:34342], 44c85332-8715-48a4-aea8-f1104c16b9ab=java.nio.channels.SocketChannel[connected local=/10.2.255.253:36179 remote=/10.2.255.252:33295], 8d1ba878-63e4-4b0a-bfdf-a2a792639be2=java.nio.channels.SocketChannel[connected local=/10.2.255.253:36179 remote=/10.2.255.252:33286], ebc6b148-490a-4999-a0cf-88e169a178c5=java.nio.channels.SocketChannel[connected local=/10.2.255.253:36179 remote=/10.2.255.252:33285], 491d4315-ce3c-4c19-a599-48765bf45a15=java.nio.channels.SocketChannel[connected local=/10.2.255.253:58328 remote=/10.2.255.253:39148]}
 DEBUG mpj  - worldWritable is filled 
 DEBUG mpj  - 

 createBuffer 104
 DEBUG mpj  - required level 0
 DEBUG mpj  - finding the right level 
 DEBUG mpj  - freeList.size() 0
 DEBUG mpj  - allocating a new region 
 DEBUG mpj  - --initializeRegion--
 DEBUG mpj  - size  8388608
 DEBUG mpj  - calling allocate ...
 DEBUG mpj  - --allocate--
 DEBUG mpj  -  level :0
 DEBUG mpj  -  list :mpjbuf.Buddy1RegionFreeList@942f772
 DEBUG mpj  - position 0
 DEBUG mpj  - list.blockSize 4194304
 DEBUG mpj  - Adding buddy @ 4194304
 DEBUG mpj  - position 0
 DEBUG mpj  - list.blockSize 2097152
 DEBUG mpj  - Adding buddy @ 2097152
 DEBUG mpj  - position 0
 DEBUG mpj  - list.blockSize 1048576
 DEBUG mpj  - Adding buddy @ 1048576
 DEBUG mpj  - position 0
 DEBUG mpj  - list.blockSize 524288
 DEBUG mpj  - Adding buddy @ 524288
 DEBUG mpj  - position 0
 DEBUG mpj  - list.blockSize 262144
 DEBUG mpj  - Adding buddy @ 262144
 DEBUG mpj  - position 0
 DEBUG mpj  - list.blockSize 131072
 DEBUG mpj  - Adding buddy @ 131072
 DEBUG mpj  - position 0
 DEBUG mpj  - list.blockSize 65536
 DEBUG mpj  - Adding buddy @ 65536
 DEBUG mpj  - position 0
 DEBUG mpj  - list.blockSize 32768
 DEBUG mpj  - Adding buddy @ 32768
 DEBUG mpj  - position 0
 DEBUG mpj  - list.blockSize 16384
 DEBUG mpj  - Adding buddy @ 16384
 DEBUG mpj  - position 0
 DEBUG mpj  - list.blockSize 8192
 DEBUG mpj  - Adding buddy @ 8192
 DEBUG mpj  - position 0
 DEBUG mpj  - list.blockSize 4096
 DEBUG mpj  - Adding buddy @ 4096
 DEBUG mpj  - position 0
 DEBUG mpj  - list.blockSize 2048
 DEBUG mpj  - Adding buddy @ 2048
 DEBUG mpj  - position 0
 DEBUG mpj  - list.blockSize 1024
 DEBUG mpj  - Adding buddy @ 1024
 DEBUG mpj  - position 0
 DEBUG mpj  - list.blockSize 512
 DEBUG mpj  - Adding buddy @ 512
 DEBUG mpj  - position 0
 DEBUG mpj  - list.blockSize 256
 DEBUG mpj  - Adding buddy @ 256
 DEBUG mpj  - position 0
 DEBUG mpj  - list.blockSize 128
 DEBUG mpj  - Adding buddy @ 128
 DEBUG mpj  - slicedBuffer java.nio.DirectByteBuffer[pos=0 lim=127 cap=127]
 DEBUG mpj  -  cap 128
 DEBUG mpj  - list mpjbuf.Buddy1RegionFreeList@b83621e
 DEBUG mpj  - list.memory java.nio.DirectByteBuffer[pos=1 lim=128 cap=8388608]
 DEBUG mpj  - position 0
 INFO  mpj  - ---isend---<34020>
 DEBUG mpj  - sender :5a40cacf-7cab-41cc-bd04-d34dc80ddc68
 DEBUG mpj  - receiver :dc254086-89c2-4725-bd11-ff5545eb2f4d
 DEBUG mpj  - tag :34020
 DEBUG mpj  - isend with remote process connections
 DEBUG mpj  - channel :java.nio.channels.SocketChannel[connected local=/10.2.255.253:45686 remote=/10.2.255.253:34342]
 DEBUG mpj  - get writeLock for this channel
 DEBUG mpj  - ---eagerSend---
 DEBUG mpj  -  request.bufoffset 81
 DEBUG mpj  - sendBuffer java.nio.DirectByteBuffer[pos=0 lim=81 cap=127]
 DEBUG mpj  - request.staticBuffer (1)<java.nio.DirectByteBuffer[pos=0 lim=93 cap=127]> w=0
 DEBUG mpj  - request.staticBuffer (2)<java.nio.DirectByteBuffer[pos=93 lim=93 cap=127]> w=93
 DEBUG mpj  - request.dBufSize <0>
 DEBUG mpj  - --eagerSend finishes--
 INFO  mpj  - ---isend ends---<34020>
 DEBUG mpj  - 

 createBuffer 104
 DEBUG mpj  - required level 0
 DEBUG mpj  - finding the right level 
 DEBUG mpj  - freeList.size() 17
 DEBUG mpj  - list @level <0>=mpjbuf.Buddy1RegionFreeList@b83621e
 DEBUG mpj  - calling allocate ...
 DEBUG mpj  - --allocate--
 DEBUG mpj  -  level :0
 DEBUG mpj  -  list :mpjbuf.Buddy1RegionFreeList@b83621e
 DEBUG mpj  - slicedBuffer java.nio.DirectByteBuffer[pos=0 lim=127 cap=127]
 DEBUG mpj  -  cap 128
 DEBUG mpj  - list mpjbuf.Buddy1RegionFreeList@b83621e
 DEBUG mpj  - list.memory java.nio.DirectByteBuffer[pos=129 lim=256 cap=8388608]
 DEBUG mpj  - position 128
 INFO  mpj  - ---isend---<34021>
 DEBUG mpj  - sender :5a40cacf-7cab-41cc-bd04-d34dc80ddc68
 DEBUG mpj  - receiver :491d4315-ce3c-4c19-a599-48765bf45a15
 DEBUG mpj  - tag :34021
 DEBUG mpj  - isend with remote process connections
 DEBUG mpj  - channel :java.nio.channels.SocketChannel[connected local=/10.2.255.253:58328 remote=/10.2.255.253:39148]
 DEBUG mpj  - get writeLock for this channel
 DEBUG mpj  - ---eagerSend---
 DEBUG mpj  -  request.bufoffset 81
 DEBUG mpj  - sendBuffer java.nio.DirectByteBuffer[pos=0 lim=81 cap=127]
 DEBUG mpj  - request.staticBuffer (1)<java.nio.DirectByteBuffer[pos=0 lim=93 cap=127]> w=0
 DEBUG mpj  - request.staticBuffer (2)<java.nio.DirectByteBuffer[pos=93 lim=93 cap=127]> w=93
 DEBUG mpj  - request.dBufSize <0>
 DEBUG mpj  - --eagerSend finishes--
 INFO  mpj  - ---isend ends---<34021>
 DEBUG mpj  - 

 createBuffer 104
 DEBUG mpj  - required level 0
 DEBUG mpj  - finding the right level 
 DEBUG mpj  - freeList.size() 17
 DEBUG mpj  - list @level <0>=null
 DEBUG mpj  - list @level <1>=mpjbuf.Buddy1RegionFreeList@17d1e01f
 DEBUG mpj  - calling allocate ...
 DEBUG mpj  - --allocate--
 DEBUG mpj  -  level :0
 DEBUG mpj  -  list :mpjbuf.Buddy1RegionFreeList@17d1e01f
 DEBUG mpj  - position 256
 DEBUG mpj  - list.blockSize 128
 DEBUG mpj  - Adding buddy @ 384
 DEBUG mpj  - slicedBuffer java.nio.DirectByteBuffer[pos=0 lim=127 cap=127]
 DEBUG mpj  -  cap 128
 DEBUG mpj  - list mpjbuf.Buddy1RegionFreeList@b83621e
 DEBUG mpj  - list.memory java.nio.DirectByteBuffer[pos=257 lim=384 cap=8388608]
 DEBUG mpj  - position 256
 INFO  mpj  - ---isend---<34023>
 DEBUG mpj  - sender :5a40cacf-7cab-41cc-bd04-d34dc80ddc68
 DEBUG mpj  - receiver :8d1ba878-63e4-4b0a-bfdf-a2a792639be2
 DEBUG mpj  - tag :34023
 DEBUG mpj  - isend with remote process connections
 DEBUG mpj  - channel :java.nio.channels.SocketChannel[connected local=/10.2.255.253:36179 remote=/10.2.255.252:33286]
 DEBUG mpj  - get writeLock for this channel
 DEBUG mpj  - ---eagerSend---
 DEBUG mpj  -  request.bufoffset 81
 DEBUG mpj  - sendBuffer java.nio.DirectByteBuffer[pos=0 lim=81 cap=127]
 DEBUG mpj  - request.staticBuffer (1)<java.nio.DirectByteBuffer[pos=0 lim=93 cap=127]> w=0
 DEBUG mpj  - request.staticBuffer (2)<java.nio.DirectByteBuffer[pos=93 lim=93 cap=127]> w=93
 DEBUG mpj  - request.dBufSize <0>
 DEBUG mpj  - --eagerSend finishes--
 INFO  mpj  - ---isend ends---<34023>
 DEBUG mpj  - 

 createBuffer 104
 DEBUG mpj  - required level 0
 DEBUG mpj  - finding the right level 
 DEBUG mpj  - freeList.size() 17
 DEBUG mpj  - list @level <0>=mpjbuf.Buddy1RegionFreeList@b83621e
 DEBUG mpj  - calling allocate ...
 DEBUG mpj  - --allocate--
 DEBUG mpj  -  level :0
 DEBUG mpj  -  list :mpjbuf.Buddy1RegionFreeList@b83621e
 DEBUG mpj  - slicedBuffer java.nio.DirectByteBuffer[pos=0 lim=127 cap=127]
 DEBUG mpj  -  cap 128
 DEBUG mpj  - list mpjbuf.Buddy1RegionFreeList@b83621e
 DEBUG mpj  - list.memory java.nio.DirectByteBuffer[pos=385 lim=512 cap=8388608]
 DEBUG mpj  - position 384
 INFO  mpj  - ---isend---<34024>
 DEBUG mpj  - sender :5a40cacf-7cab-41cc-bd04-d34dc80ddc68
 DEBUG mpj  - receiver :ebc6b148-490a-4999-a0cf-88e169a178c5
 DEBUG mpj  - tag :34024
 DEBUG mpj  - isend with remote process connections
 DEBUG mpj  - channel :java.nio.channels.SocketChannel[connected local=/10.2.255.253:36179 remote=/10.2.255.252:33285]
 DEBUG mpj  - get writeLock for this channel
 DEBUG mpj  - ---eagerSend---
 DEBUG mpj  -  request.bufoffset 81
 DEBUG mpj  - sendBuffer java.nio.DirectByteBuffer[pos=0 lim=81 cap=127]
 DEBUG mpj  - request.staticBuffer (1)<java.nio.DirectByteBuffer[pos=0 lim=93 cap=127]> w=0
 DEBUG mpj  - request.staticBuffer (2)<java.nio.DirectByteBuffer[pos=93 lim=93 cap=127]> w=93
 DEBUG mpj  - request.dBufSize <0>
 DEBUG mpj  - --eagerSend finishes--
 INFO  mpj  - ---isend ends---<34024>
 DEBUG mpj  - 

 createBuffer 104
 DEBUG mpj  - required level 0
 DEBUG mpj  - finding the right level 
 DEBUG mpj  - freeList.size() 17
 DEBUG mpj  - list @level <0>=null
 DEBUG mpj  - list @level <1>=null
 DEBUG mpj  - list @level <2>=mpjbuf.Buddy1RegionFreeList@53d11f70
 DEBUG mpj  - calling allocate ...
 DEBUG mpj  - --allocate--
 DEBUG mpj  -  level :0
 DEBUG mpj  -  list :mpjbuf.Buddy1RegionFreeList@53d11f70
 DEBUG mpj  - position 512
 DEBUG mpj  - list.blockSize 256
 DEBUG mpj  - Adding buddy @ 768
 DEBUG mpj  - position 512
 DEBUG mpj  - list.blockSize 128
 DEBUG mpj  - Adding buddy @ 640
 DEBUG mpj  - slicedBuffer java.nio.DirectByteBuffer[pos=0 lim=127 cap=127]
 DEBUG mpj  -  cap 128
 DEBUG mpj  - list mpjbuf.Buddy1RegionFreeList@b83621e
 DEBUG mpj  - list.memory java.nio.DirectByteBuffer[pos=513 lim=640 cap=8388608]
 DEBUG mpj  - position 512
 INFO  mpj  - ---isend---<34025>
 DEBUG mpj  - sender :5a40cacf-7cab-41cc-bd04-d34dc80ddc68
 DEBUG mpj  - receiver :44c85332-8715-48a4-aea8-f1104c16b9ab
 DEBUG mpj  - tag :34025
 DEBUG mpj  - isend with remote process connections
 DEBUG mpj  - channel :java.nio.channels.SocketChannel[connected local=/10.2.255.253:36179 remote=/10.2.255.252:33295]
 DEBUG mpj  - get writeLock for this channel
 DEBUG mpj  - ---eagerSend---
 DEBUG mpj  -  request.bufoffset 81
 DEBUG mpj  - sendBuffer java.nio.DirectByteBuffer[pos=0 lim=81 cap=127]
 DEBUG mpj  - request.staticBuffer (1)<java.nio.DirectByteBuffer[pos=0 lim=93 cap=127]> w=0
 DEBUG mpj  - request.staticBuffer (2)<java.nio.DirectByteBuffer[pos=93 lim=93 cap=127]> w=93
 DEBUG mpj  - request.dBufSize <0>
 DEBUG mpj  - --eagerSend finishes--
 INFO  mpj  - ---isend ends---<34025>
 DEBUG mpj  - 

 createBuffer 16
 DEBUG mpj  - required level 0
 DEBUG mpj  - finding the right level 
 DEBUG mpj  - freeList.size() 17
 DEBUG mpj  - list @level <0>=mpjbuf.Buddy1RegionFreeList@b83621e
 DEBUG mpj  - calling allocate ...
 DEBUG mpj  - --allocate--
 DEBUG mpj  -  level :0
 DEBUG mpj  -  list :mpjbuf.Buddy1RegionFreeList@b83621e
 DEBUG mpj  - slicedBuffer java.nio.DirectByteBuffer[pos=0 lim=127 cap=127]
 DEBUG mpj  -  cap 128
 DEBUG mpj  - list mpjbuf.Buddy1RegionFreeList@b83621e
 DEBUG mpj  - list.memory java.nio.DirectByteBuffer[pos=641 lim=768 cap=8388608]
 DEBUG mpj  - position 640
 INFO  mpj  - ---irecv---<34022>
 DEBUG mpj  - Looking whether this req has been posted or not
 DEBUG mpj  - No Matching req, so posting ourselves
 DEBUG mpj  - request.staticBuffer (in recv) java.nio.DirectByteBuffer[pos=0 lim=127 cap=127]
 DEBUG mpj  - Added request in irecv 
 DEBUG mpj  - ---selector EVENT---
 DEBUG mpj  - ---READ_EVENT----24
 DEBUG mpj  -  received READY_TO_SEND or  READY_TO_RECV
 DEBUG mpj  - -- recvCtrlMsgFromSender ---
 DEBUG mpj  - Receiver getting the control message
 DEBUG mpj  - Could be rend, eager, posted b4 or not
 DEBUG mpj  - msb :-2583587864646105307
 DEBUG mpj  - lsb :-4822792984226746547
 DEBUG mpj  - sendCounter :2
 DEBUG mpj  - tag :34022
 DEBUG mpj  - staBufferSize :12
 DEBUG mpj  - dynaBufferSize :0
 DEBUG mpj  - context :10
 DEBUG mpj  - commMode :3
 DEBUG mpj  - type :mpjbuf.Type@1f202b71
 DEBUG mpj  - sendCounter :2
 DEBUG mpj  - numEls :1
 DEBUG mpj  - ---eagerRecv2UserMem---
 DEBUG mpj  - request.sBufSize (is it zero?) 12
 DEBUG mpj  - b(1) java.nio.DirectByteBuffer[pos=0 lim=12 cap=127]
 DEBUG mpj  - b(2) java.nio.DirectByteBuffer[pos=12 lim=12 cap=127]
 DEBUG mpj  - request.dBufSize 0
 DEBUG mpj  - --eagerRecv2UserMem ends--
 INFO  mpj  - ---irecv---<34022>
 DEBUG mpj  - Looking whether this req has been posted or not
 DEBUG mpj  - No Matching req, so posting ourselves
 DEBUG mpj  - request.staticBuffer (in recv) java.nio.DirectByteBuffer[pos=8 lim=127 cap=127]
 DEBUG mpj  - Added request in irecv 
 DEBUG mpj  - time_ready_sendrecv=0.001045
 DEBUG mpj  - ---selector EVENT---
 DEBUG mpj  - ---READ_EVENT----24
 DEBUG mpj  -  received READY_TO_SEND or  READY_TO_RECV
 DEBUG mpj  - -- recvCtrlMsgFromSender ---
 DEBUG mpj  - Receiver getting the control message
 DEBUG mpj  - Could be rend, eager, posted b4 or not
 DEBUG mpj  - msb :5268440900026780697
 DEBUG mpj  - lsb :-6514095712828630507
 DEBUG mpj  - sendCounter :2
 DEBUG mpj  - tag :34022
 DEBUG mpj  - staBufferSize :12
 DEBUG mpj  - dynaBufferSize :0
 DEBUG mpj  - context :10
 DEBUG mpj  - commMode :3
 DEBUG mpj  - type :mpjbuf.Type@1f202b71
 DEBUG mpj  - sendCounter :2
 DEBUG mpj  - numEls :1
 DEBUG mpj  - ---eagerRecv2UserMem---
 DEBUG mpj  - request.sBufSize (is it zero?) 12
 DEBUG mpj  - b(1) java.nio.DirectByteBuffer[pos=0 lim=12 cap=127]
 DEBUG mpj  - b(2) java.nio.DirectByteBuffer[pos=12 lim=12 cap=127]
 DEBUG mpj  - request.dBufSize 0
 DEBUG mpj  - --eagerRecv2UserMem ends--
 INFO  mpj  - ---irecv---<34022>
 DEBUG mpj  - Looking whether this req has been posted or not
 DEBUG mpj  - No Matching req, so posting ourselves
 DEBUG mpj  - request.staticBuffer (in recv) java.nio.DirectByteBuffer[pos=8 lim=127 cap=127]
 DEBUG mpj  - Added request in irecv 
 DEBUG mpj  - time_ready_sendrecv=7.55E-4
 DEBUG mpj  - ---selector EVENT---
 DEBUG mpj  - ---READ_EVENT----24
 DEBUG mpj  -  received READY_TO_SEND or  READY_TO_RECV
 DEBUG mpj  - -- recvCtrlMsgFromSender ---
 DEBUG mpj  - Receiver getting the control message
 DEBUG mpj  - Could be rend, eager, posted b4 or not
 DEBUG mpj  - msb :-1457282505386604135
 DEBUG mpj  - lsb :-6859113205740767035
 DEBUG mpj  - sendCounter :3
 DEBUG mpj  - tag :34022
 DEBUG mpj  - staBufferSize :12
 DEBUG mpj  - dynaBufferSize :0
 DEBUG mpj  - context :10
 DEBUG mpj  - commMode :3
 DEBUG mpj  - type :mpjbuf.Type@1f202b71
 DEBUG mpj  - sendCounter :3
 DEBUG mpj  - numEls :1
 DEBUG mpj  - setting the request.code to RECV_IN_DEV_MEMORY
 DEBUG mpj  - Calling eagerRecv2mpjMem
 DEBUG mpj  - ---eagerRecv2mpjMem_34022
 DEBUG mpj  - static section ...
 DEBUG mpj  -  creating eager buffer 
 DEBUG mpj  - 

 createBuffer 12
 DEBUG mpj  - required level 0
 DEBUG mpj  - finding the right level 
 DEBUG mpj  - freeList.size() 17
 DEBUG mpj  - list @level <0>=null
 DEBUG mpj  - list @level <1>=mpjbuf.Buddy1RegionFreeList@17d1e01f
 DEBUG mpj  - calling allocate ...
 DEBUG mpj  - --allocate--
 DEBUG mpj  -  level :0
 DEBUG mpj  -  list :mpjbuf.Buddy1RegionFreeList@17d1e01f
 DEBUG mpj  - position 768
 DEBUG mpj  - list.blockSize 128
 DEBUG mpj  - Adding buddy @ 896
 DEBUG mpj  - slicedBuffer java.nio.DirectByteBuffer[pos=0 lim=127 cap=127]
 DEBUG mpj  -  cap 128
 DEBUG mpj  - list mpjbuf.Buddy1RegionFreeList@b83621e
 DEBUG mpj  - list.memory java.nio.DirectByteBuffer[pos=769 lim=896 cap=8388608]
 DEBUG mpj  - position 768
 DEBUG mpj  -  creating eager bufferjava.nio.DirectByteBuffer[pos=0 lim=12 cap=127]
 DEBUG mpj  - Adding the request
 DEBUG mpj  - time_ready_sendrecv=0.001191
 DEBUG mpj  - ---selector EVENT---
 DEBUG mpj  - ---READ_EVENT----24
 DEBUG mpj  -  received READY_TO_SEND or  READY_TO_RECV
 DEBUG mpj  - -- recvCtrlMsgFromSender ---
 DEBUG mpj  - Receiver getting the control message
 DEBUG mpj  - Could be rend, eager, posted b4 or not
 DEBUG mpj  - msb :4956302866401020068
 DEBUG mpj  - lsb :-5861169862724372053
 DEBUG mpj  - sendCounter :3
 DEBUG mpj  - tag :34022
 DEBUG mpj  - staBufferSize :12
 DEBUG mpj  - dynaBufferSize :0
 DEBUG mpj  - context :10
 DEBUG mpj  - commMode :3
 DEBUG mpj  - type :mpjbuf.Type@1f202b71
 DEBUG mpj  - sendCounter :3
 DEBUG mpj  - numEls :1
 DEBUG mpj  - setting the request.code to RECV_IN_DEV_MEMORY
 DEBUG mpj  - Calling eagerRecv2mpjMem
 DEBUG mpj  - ---eagerRecv2mpjMem_34022
 DEBUG mpj  - static section ...
 DEBUG mpj  -  creating eager buffer 
 DEBUG mpj  - 

 createBuffer 12
 DEBUG mpj  - required level 0
 DEBUG mpj  - finding the right level 
 DEBUG mpj  - freeList.size() 17
 DEBUG mpj  - list @level <0>=mpjbuf.Buddy1RegionFreeList@b83621e
 DEBUG mpj  - calling allocate ...
 DEBUG mpj  - --allocate--
 DEBUG mpj  -  level :0
 DEBUG mpj  -  list :mpjbuf.Buddy1RegionFreeList@b83621e
 DEBUG mpj  - slicedBuffer java.nio.DirectByteBuffer[pos=0 lim=127 cap=127]
 DEBUG mpj  -  cap 128
 DEBUG mpj  - list mpjbuf.Buddy1RegionFreeList@b83621e
 DEBUG mpj  - list.memory java.nio.DirectByteBuffer[pos=897 lim=1024 cap=8388608]
 DEBUG mpj  - position 896
 DEBUG mpj  -  creating eager bufferjava.nio.DirectByteBuffer[pos=0 lim=12 cap=127]
 DEBUG mpj  - Adding the request
 DEBUG mpj  - time_ready_sendrecv=0.005641
 DEBUG mpj  - ---selector EVENT---
 DEBUG mpj  - ---READ_EVENT----24
 DEBUG mpj  -  received READY_TO_SEND or  READY_TO_RECV
 DEBUG mpj  - -- recvCtrlMsgFromSender ---
 DEBUG mpj  - Receiver getting the control message
 DEBUG mpj  - Could be rend, eager, posted b4 or not
 DEBUG mpj  - msb :-8278838254965077238
 DEBUG mpj  - lsb :-4620795852059599902
 DEBUG mpj  - sendCounter :3
 DEBUG mpj  - tag :34022
 DEBUG mpj  - staBufferSize :12
 DEBUG mpj  - dynaBufferSize :0
 DEBUG mpj  - context :10
 DEBUG mpj  - commMode :3
 DEBUG mpj  - type :mpjbuf.Type@1f202b71
 DEBUG mpj  - sendCounter :3
 DEBUG mpj  - numEls :1
 DEBUG mpj  - ---eagerRecv2UserMem---
 DEBUG mpj  - request.sBufSize (is it zero?) 12
 DEBUG mpj  - b(1) java.nio.DirectByteBuffer[pos=0 lim=12 cap=127]
 DEBUG mpj  - b(2) java.nio.DirectByteBuffer[pos=12 lim=12 cap=127]
 DEBUG mpj  - request.dBufSize 0
 DEBUG mpj  - --eagerRecv2UserMem ends--
 INFO  mpj  - ---irecv---<34022>
 DEBUG mpj  - Looking whether this req has been posted or not
 DEBUG mpj  - 
--free--
 DEBUG mpj  - buffer.list.front -1
 DEBUG mpj  -  list.level 0
 DEBUG mpj  -  position 768
 DEBUG mpj  -  memory (for region) java.nio.DirectByteBuffer[pos=0 lim=8388608 cap=8388608]
 DEBUG mpj  -  buddy 896
 DEBUG mpj  -  memory java.nio.DirectByteBuffer[pos=896 lim=8388608 cap=8388608]
 DEBUG mpj  -  buddy is not FREE 
 DEBUG mpj  -  adding the buffer at pos <768
 DEBUG mpj  - size of htis buffer is 128
 DEBUG mpj  - setting the buf size 12
 DEBUG mpj  - removed 
 INFO  mpj  - ---irecv---<34022>
 DEBUG mpj  - Looking whether this req has been posted or not
 DEBUG mpj  - 
--free--
 DEBUG mpj  - buffer.list.front 768
 DEBUG mpj  -  list.level 0
 DEBUG mpj  -  position 896
 DEBUG mpj  -  memory (for region) java.nio.DirectByteBuffer[pos=0 lim=8388608 cap=8388608]
 DEBUG mpj  -  buddy 768
 DEBUG mpj  -  memory java.nio.DirectByteBuffer[pos=768 lim=8388608 cap=8388608]
 DEBUG mpj  -  buddy is free ...removing it ..
 DEBUG mpj  -  buddy 512
 DEBUG mpj  -  memory java.nio.DirectByteBuffer[pos=512 lim=8388608 cap=8388608]
 DEBUG mpj  -  buddy is not FREE 
 DEBUG mpj  -  adding the buffer at pos <768
 DEBUG mpj  - size of htis buffer is 256
 DEBUG mpj  - setting the buf size 12
 DEBUG mpj  - removed 
 DEBUG mpj  - 
--free--
 DEBUG mpj  - buffer.list.front -1
 DEBUG mpj  -  list.level 0
 DEBUG mpj  -  position 0
 DEBUG mpj  -  memory (for region) java.nio.DirectByteBuffer[pos=0 lim=8388608 cap=8388608]
 DEBUG mpj  -  buddy 128
 DEBUG mpj  -  memory java.nio.DirectByteBuffer[pos=128 lim=8388608 cap=8388608]
 DEBUG mpj  -  buddy is not FREE 
 DEBUG mpj  -  adding the buffer at pos <0
 DEBUG mpj  - size of htis buffer is 128
 DEBUG mpj  - 
--free--
 DEBUG mpj  - buffer.list.front 0
 DEBUG mpj  -  list.level 0
 DEBUG mpj  -  position 128
 DEBUG mpj  -  memory (for region) java.nio.DirectByteBuffer[pos=0 lim=8388608 cap=8388608]
 DEBUG mpj  -  buddy 0
 DEBUG mpj  -  memory java.nio.DirectByteBuffer[pos=0 lim=8388608 cap=8388608]
 DEBUG mpj  -  buddy is free ...removing it ..
 DEBUG mpj  -  buddy 256
 DEBUG mpj  -  memory java.nio.DirectByteBuffer[pos=256 lim=8388608 cap=8388608]
 DEBUG mpj  -  buddy is not FREE 
 DEBUG mpj  -  adding the buffer at pos <0
 DEBUG mpj  - size of htis buffer is 256
 DEBUG mpj  - 
--free--
 DEBUG mpj  - buffer.list.front -1
 DEBUG mpj  -  list.level 0
 DEBUG mpj  -  position 256
 DEBUG mpj  -  memory (for region) java.nio.DirectByteBuffer[pos=0 lim=8388608 cap=8388608]
 DEBUG mpj  -  buddy 384
 DEBUG mpj  -  memory java.nio.DirectByteBuffer[pos=384 lim=8388608 cap=8388608]
 DEBUG mpj  -  buddy is not FREE 
 DEBUG mpj  -  adding the buffer at pos <256
 DEBUG mpj  - size of htis buffer is 128
 DEBUG mpj  - 
--free--
 DEBUG mpj  - buffer.list.front 256
 DEBUG mpj  -  list.level 0
 DEBUG mpj  -  position 384
 DEBUG mpj  -  memory (for region) java.nio.DirectByteBuffer[pos=0 lim=8388608 cap=8388608]
 DEBUG mpj  -  buddy 256
 DEBUG mpj  -  memory java.nio.DirectByteBuffer[pos=256 lim=8388608 cap=8388608]
 DEBUG mpj  -  buddy is free ...removing it ..
 DEBUG mpj  -  buddy 0
 DEBUG mpj  -  memory java.nio.DirectByteBuffer[pos=0 lim=8388608 cap=8388608]
 DEBUG mpj  -  buddy is free ...removing it ..
 DEBUG mpj  -  buddy 512
 DEBUG mpj  -  memory java.nio.DirectByteBuffer[pos=512 lim=8388608 cap=8388608]
 DEBUG mpj  -  buddy is not FREE 
 DEBUG mpj  -  adding the buffer at pos <0
 DEBUG mpj  - size of htis buffer is 512
 DEBUG mpj  - 
--free--
 DEBUG mpj  - buffer.list.front -1
 DEBUG mpj  -  list.level 0
 DEBUG mpj  -  position 512
 DEBUG mpj  -  memory (for region) java.nio.DirectByteBuffer[pos=0 lim=8388608 cap=8388608]
 DEBUG mpj  -  buddy 640
 DEBUG mpj  -  memory java.nio.DirectByteBuffer[pos=640 lim=8388608 cap=8388608]
 DEBUG mpj  -  buddy is not FREE 
 DEBUG mpj  -  adding the buffer at pos <512
 DEBUG mpj  - size of htis buffer is 128
 DEBUG mpj  - 
--free--
 DEBUG mpj  - buffer.list.front 512
 DEBUG mpj  -  list.level 0
 DEBUG mpj  -  position 640
 DEBUG mpj  -  memory (for region) java.nio.DirectByteBuffer[pos=0 lim=8388608 cap=8388608]
 DEBUG mpj  -  buddy 512
 DEBUG mpj  -  memory java.nio.DirectByteBuffer[pos=512 lim=8388608 cap=8388608]
 DEBUG mpj  -  buddy is free ...removing it ..
 DEBUG mpj  -  buddy 768
 DEBUG mpj  -  memory java.nio.DirectByteBuffer[pos=768 lim=8388608 cap=8388608]
 DEBUG mpj  -  buddy is free ...removing it ..
 DEBUG mpj  -  buddy 0
 DEBUG mpj  -  memory java.nio.DirectByteBuffer[pos=0 lim=8388608 cap=8388608]
 DEBUG mpj  -  buddy is free ...removing it ..
 DEBUG mpj  -  buddy 1024
 DEBUG mpj  -  memory java.nio.DirectByteBuffer[pos=1024 lim=8388608 cap=8388608]
 DEBUG mpj  -  buddy is free ...removing it ..
 DEBUG mpj  -  buddy 2048
 DEBUG mpj  -  memory java.nio.DirectByteBuffer[pos=2048 lim=8388608 cap=8388608]
 DEBUG mpj  -  buddy is free ...removing it ..
 DEBUG mpj  -  buddy 4096
 DEBUG mpj  -  memory java.nio.DirectByteBuffer[pos=4096 lim=8388608 cap=8388608]
 DEBUG mpj  -  buddy is free ...removing it ..
 DEBUG mpj  -  buddy 8192
 DEBUG mpj  -  memory java.nio.DirectByteBuffer[pos=8192 lim=8388608 cap=8388608]
 DEBUG mpj  -  buddy is free ...removing it ..
 DEBUG mpj  -  buddy 16384
 DEBUG mpj  -  memory java.nio.DirectByteBuffer[pos=16384 lim=8388608 cap=8388608]
 DEBUG mpj  -  buddy is free ...removing it ..
 DEBUG mpj  -  buddy 32768
 DEBUG mpj  -  memory java.nio.DirectByteBuffer[pos=32768 lim=8388608 cap=8388608]
 DEBUG mpj  -  buddy is free ...removing it ..
 DEBUG mpj  -  buddy 65536
 DEBUG mpj  -  memory java.nio.DirectByteBuffer[pos=65536 lim=8388608 cap=8388608]
 DEBUG mpj  -  buddy is free ...removing it ..
 DEBUG mpj  -  buddy 131072
 DEBUG mpj  -  memory java.nio.DirectByteBuffer[pos=131072 lim=8388608 cap=8388608]
 DEBUG mpj  -  buddy is free ...removing it ..
 DEBUG mpj  -  buddy 262144
 DEBUG mpj  -  memory java.nio.DirectByteBuffer[pos=262144 lim=8388608 cap=8388608]
 DEBUG mpj  -  buddy is free ...removing it ..
 DEBUG mpj  -  buddy 524288
 DEBUG mpj  -  memory java.nio.DirectByteBuffer[pos=524288 lim=8388608 cap=8388608]
 DEBUG mpj  -  buddy is free ...removing it ..
 DEBUG mpj  -  buddy 1048576
 DEBUG mpj  -  memory java.nio.DirectByteBuffer[pos=1048576 lim=8388608 cap=8388608]
 DEBUG mpj  -  buddy is free ...removing it ..
 DEBUG mpj  -  buddy 2097152
 DEBUG mpj  -  memory java.nio.DirectByteBuffer[pos=2097152 lim=8388608 cap=8388608]
 DEBUG mpj  -  buddy is free ...removing it ..
 DEBUG mpj  -  buddy 4194304
 DEBUG mpj  -  memory java.nio.DirectByteBuffer[pos=4194304 lim=8388608 cap=8388608]
 DEBUG mpj  -  buddy is free ...removing it ..
 DEBUG mpj  -  adding the buffer at pos <0
 DEBUG mpj  - size of htis buffer is 8388608
 DEBUG mpj  - time_ready_sendrecv=0.019329
 DEBUG mpj  - ---selector EVENT---
 DEBUG mpj  - WRITE_EVENT (should not see it)
 DEBUG mpj  - In, WRITABLE, changing interestOps to READ_ONLY
 DEBUG mpj  - 

 createBuffer 16
 DEBUG mpj  - required level 0
 DEBUG mpj  - finding the right level 
 DEBUG mpj  - freeList.size() 17
 DEBUG mpj  - list @level <0>=null
 DEBUG mpj  - list @level <1>=null
 DEBUG mpj  - list @level <2>=null
 DEBUG mpj  - list @level <3>=null
 DEBUG mpj  - list @level <4>=null
 DEBUG mpj  - list @level <5>=null
 DEBUG mpj  - list @level <6>=null
 DEBUG mpj  - list @level <7>=null
 DEBUG mpj  - list @level <8>=null
 DEBUG mpj  - list @level <9>=null
 DEBUG mpj  - list @level <10>=null
 DEBUG mpj  - list @level <11>=null
 DEBUG mpj  - list @level <12>=null
 DEBUG mpj  - list @level <13>=null
 DEBUG mpj  - list @level <14>=null
 DEBUG mpj  - list @level <15>=null
 DEBUG mpj  - list @level <16>=mpjbuf.Buddy1RegionFreeList@942f772
 DEBUG mpj  - calling allocate ...
 DEBUG mpj  - --allocate--
 DEBUG mpj  -  level :0
 DEBUG mpj  -  list :mpjbuf.Buddy1RegionFreeList@942f772
 DEBUG mpj  - position 0
 DEBUG mpj  - list.blockSize 4194304
 DEBUG mpj  - Adding buddy @ 4194304
 DEBUG mpj  - position 0
 DEBUG mpj  - list.blockSize 2097152
 DEBUG mpj  - Adding buddy @ 2097152
 DEBUG mpj  - position 0
 DEBUG mpj  - list.blockSize 1048576
 DEBUG mpj  - Adding buddy @ 1048576
 DEBUG mpj  - position 0
 DEBUG mpj  - list.blockSize 524288
 DEBUG mpj  - Adding buddy @ 524288
 DEBUG mpj  - position 0
 DEBUG mpj  - list.blockSize 262144
 DEBUG mpj  - Adding buddy @ 262144
 DEBUG mpj  - position 0
 DEBUG mpj  - list.blockSize 131072
 DEBUG mpj  - Adding buddy @ 131072
 DEBUG mpj  - position 0
 DEBUG mpj  - list.blockSize 65536
 DEBUG mpj  - Adding buddy @ 65536
 DEBUG mpj  - position 0
 DEBUG mpj  - list.blockSize 32768
 DEBUG mpj  - Adding buddy @ 32768
 DEBUG mpj  - position 0
 DEBUG mpj  - list.blockSize 16384
 DEBUG mpj  - Adding buddy @ 16384
 DEBUG mpj  - position 0
 DEBUG mpj  - list.blockSize 8192
 DEBUG mpj  - Adding buddy @ 8192
 DEBUG mpj  - position 0
 DEBUG mpj  - list.blockSize 4096
 DEBUG mpj  - Adding buddy @ 4096
 DEBUG mpj  - position 0
 DEBUG mpj  - list.blockSize 2048
 DEBUG mpj  - Adding buddy @ 2048
 DEBUG mpj  - position 0
 DEBUG mpj  - list.blockSize 1024
 DEBUG mpj  - Adding buddy @ 1024
 DEBUG mpj  - position 0
 DEBUG mpj  - list.blockSize 512
 DEBUG mpj  - Adding buddy @ 512
 DEBUG mpj  - position 0
 DEBUG mpj  - list.blockSize 256
 DEBUG mpj  - Adding buddy @ 256
 DEBUG mpj  - position 0
 DEBUG mpj  - list.blockSize 128
 DEBUG mpj  - Adding buddy @ 128
 DEBUG mpj  - slicedBuffer java.nio.DirectByteBuffer[pos=0 lim=127 cap=127]
 DEBUG mpj  -  cap 128
 DEBUG mpj  - list mpjbuf.Buddy1RegionFreeList@b83621e
 DEBUG mpj  - list.memory java.nio.DirectByteBuffer[pos=1 lim=128 cap=8388608]
 DEBUG mpj  - position 0
 DEBUG mpj  - 
--free--
 DEBUG mpj  - buffer.list.front 128
 DEBUG mpj  -  list.level 0
 DEBUG mpj  -  position 0
 DEBUG mpj  -  memory (for region) java.nio.DirectByteBuffer[pos=0 lim=8388608 cap=8388608]
 DEBUG mpj  -  buddy 128
 DEBUG mpj  -  memory java.nio.DirectByteBuffer[pos=128 lim=8388608 cap=8388608]
 DEBUG mpj  -  buddy is free ...removing it ..
 DEBUG mpj  -  buddy 256
 DEBUG mpj  -  memory java.nio.DirectByteBuffer[pos=256 lim=8388608 cap=8388608]
 DEBUG mpj  -  buddy is free ...removing it ..
 DEBUG mpj  -  buddy 512
 DEBUG mpj  -  memory java.nio.DirectByteBuffer[pos=512 lim=8388608 cap=8388608]
 DEBUG mpj  -  buddy is free ...removing it ..
 DEBUG mpj  -  buddy 1024
 DEBUG mpj  -  memory java.nio.DirectByteBuffer[pos=1024 lim=8388608 cap=8388608]
 DEBUG mpj  -  buddy is free ...removing it ..
 DEBUG mpj  -  buddy 2048
 DEBUG mpj  -  memory java.nio.DirectByteBuffer[pos=2048 lim=8388608 cap=8388608]
 DEBUG mpj  -  buddy is free ...removing it ..
 DEBUG mpj  -  buddy 4096
 DEBUG mpj  -  memory java.nio.DirectByteBuffer[pos=4096 lim=8388608 cap=8388608]
 DEBUG mpj  -  buddy is free ...removing it ..
 DEBUG mpj  -  buddy 8192
 DEBUG mpj  -  memory java.nio.DirectByteBuffer[pos=8192 lim=8388608 cap=8388608]
 DEBUG mpj  -  buddy is free ...removing it ..
 DEBUG mpj  -  buddy 16384
 DEBUG mpj  -  memory java.nio.DirectByteBuffer[pos=16384 lim=8388608 cap=8388608]
 DEBUG mpj  -  buddy is free ...removing it ..
 DEBUG mpj  -  buddy 32768
 DEBUG mpj  -  memory java.nio.DirectByteBuffer[pos=32768 lim=8388608 cap=8388608]
 DEBUG mpj  -  buddy is free ...removing it ..
 DEBUG mpj  -  buddy 65536
 DEBUG mpj  -  memory java.nio.DirectByteBuffer[pos=65536 lim=8388608 cap=8388608]
 DEBUG mpj  -  buddy is free ...removing it ..
 DEBUG mpj  -  buddy 131072
 DEBUG mpj  -  memory java.nio.DirectByteBuffer[pos=131072 lim=8388608 cap=8388608]
 DEBUG mpj  -  buddy is free ...removing it ..
 DEBUG mpj  -  buddy 262144
 DEBUG mpj  -  memory java.nio.DirectByteBuffer[pos=262144 lim=8388608 cap=8388608]
 DEBUG mpj  -  buddy is free ...removing it ..
 DEBUG mpj  -  buddy 524288
 DEBUG mpj  -  memory java.nio.DirectByteBuffer[pos=524288 lim=8388608 cap=8388608]
 DEBUG mpj  -  buddy is free ...removing it ..
 DEBUG mpj  -  buddy 1048576
 DEBUG mpj  -  memory java.nio.DirectByteBuffer[pos=1048576 lim=8388608 cap=8388608]
 DEBUG mpj  -  buddy is free ...removing it ..
 DEBUG mpj  -  buddy 2097152
 DEBUG mpj  -  memory java.nio.DirectByteBuffer[pos=2097152 lim=8388608 cap=8388608]
 DEBUG mpj  -  buddy is free ...removing it ..
 DEBUG mpj  -  buddy 4194304
 DEBUG mpj  -  memory java.nio.DirectByteBuffer[pos=4194304 lim=8388608 cap=8388608]
 DEBUG mpj  -  buddy is free ...removing it ..
 DEBUG mpj  -  adding the buffer at pos <0
 DEBUG mpj  - size of htis buffer is 8388608
 DEBUG mpj  - pendingQue.size 0
 DEBUG mpj  -  queue_size (init) 0
 DEBUG mpj  - calling detach
 DEBUG mpj  -  tailPtr 0
 DEBUG mpj  -  headPtr 0
 DEBUG mpj  -  tailPtr 0
 DEBUG mpj  -  headPtr 0
 DEBUG mpj  - called detach
 DEBUG mpj  -  queue_size (exit) 0
 DEBUG mpj  - pendingQue.size 0
 DEBUG mpj  - calling last barrier
 DEBUG mpj  -  creatingBuffer 
 DEBUG mpj  - 

 createBuffer 97
 DEBUG mpj  - required level 0
 DEBUG mpj  - finding the right level 
 DEBUG mpj  - freeList.size() 17
 DEBUG mpj  - list @level <0>=null
 DEBUG mpj  - list @level <1>=null
 DEBUG mpj  - list @level <2>=null
 DEBUG mpj  - list @level <3>=null
 DEBUG mpj  - list @level <4>=null
 DEBUG mpj  - list @level <5>=null
 DEBUG mpj  - list @level <6>=null
 DEBUG mpj  - list @level <7>=null
 DEBUG mpj  - list @level <8>=null
 DEBUG mpj  - list @level <9>=null
 DEBUG mpj  - list @level <10>=null
 DEBUG mpj  - list @level <11>=null
 DEBUG mpj  - list @level <12>=null
 DEBUG mpj  - list @level <13>=null
 DEBUG mpj  - list @level <14>=null
 DEBUG mpj  - list @level <15>=null
 DEBUG mpj  - list @level <16>=mpjbuf.Buddy1RegionFreeList@942f772
 DEBUG mpj  - calling allocate ...
 DEBUG mpj  - --allocate--
 DEBUG mpj  -  level :0
 DEBUG mpj  -  list :mpjbuf.Buddy1RegionFreeList@942f772
 DEBUG mpj  - position 0
 DEBUG mpj  - list.blockSize 4194304
 DEBUG mpj  - Adding buddy @ 4194304
 DEBUG mpj  - position 0
 DEBUG mpj  - list.blockSize 2097152
 DEBUG mpj  - Adding buddy @ 2097152
 DEBUG mpj  - position 0
 DEBUG mpj  - list.blockSize 1048576
 DEBUG mpj  - Adding buddy @ 1048576
 DEBUG mpj  - position 0
 DEBUG mpj  - list.blockSize 524288
 DEBUG mpj  - Adding buddy @ 524288
 DEBUG mpj  - position 0
 DEBUG mpj  - list.blockSize 262144
 DEBUG mpj  - Adding buddy @ 262144
 DEBUG mpj  - position 0
 DEBUG mpj  - list.blockSize 131072
 DEBUG mpj  - Adding buddy @ 131072
 DEBUG mpj  - position 0
 DEBUG mpj  - list.blockSize 65536
 DEBUG mpj  - Adding buddy @ 65536
 DEBUG mpj  - position 0
 DEBUG mpj  - list.blockSize 32768
 DEBUG mpj  - Adding buddy @ 32768
 DEBUG mpj  - position 0
 DEBUG mpj  - list.blockSize 16384
 DEBUG mpj  - Adding buddy @ 16384
 DEBUG mpj  - position 0
 DEBUG mpj  - list.blockSize 8192
 DEBUG mpj  - Adding buddy @ 8192
 DEBUG mpj  - position 0
 DEBUG mpj  - list.blockSize 4096
 DEBUG mpj  - Adding buddy @ 4096
 DEBUG mpj  - position 0
 DEBUG mpj  - list.blockSize 2048
 DEBUG mpj  - Adding buddy @ 2048
 DEBUG mpj  - position 0
 DEBUG mpj  - list.blockSize 1024
 DEBUG mpj  - Adding buddy @ 1024
 DEBUG mpj  - position 0
 DEBUG mpj  - list.blockSize 512
 DEBUG mpj  - Adding buddy @ 512
 DEBUG mpj  - position 0
 DEBUG mpj  - list.blockSize 256
 DEBUG mpj  - Adding buddy @ 256
 DEBUG mpj  - position 0
 DEBUG mpj  - list.blockSize 128
 DEBUG mpj  - Adding buddy @ 128
 DEBUG mpj  - slicedBuffer java.nio.DirectByteBuffer[pos=0 lim=127 cap=127]
 DEBUG mpj  -  cap 128
 DEBUG mpj  - list mpjbuf.Buddy1RegionFreeList@b83621e
 DEBUG mpj  - list.memory java.nio.DirectByteBuffer[pos=1 lim=128 cap=8388608]
 DEBUG mpj  - position 0
 DEBUG mpj  - count 1
 DEBUG mpj  - offset0
 DEBUG mpj  - bufjava.nio.DirectByteBuffer[pos=82 lim=127 cap=127]
 INFO  mpj  - ---isend---<33999>
 DEBUG mpj  - sender :5a40cacf-7cab-41cc-bd04-d34dc80ddc68
 DEBUG mpj  - receiver :dc254086-89c2-4725-bd11-ff5545eb2f4d
 DEBUG mpj  - tag :33999
 DEBUG mpj  - isend with remote process connections
 DEBUG mpj  - channel :java.nio.channels.SocketChannel[connected local=/10.2.255.253:45686 remote=/10.2.255.253:34342]
 DEBUG mpj  - get writeLock for this channel
 DEBUG mpj  - ---eagerSend---
 DEBUG mpj  -  request.bufoffset 81
 DEBUG mpj  - sendBuffer java.nio.DirectByteBuffer[pos=0 lim=81 cap=127]
 DEBUG mpj  - request.staticBuffer (1)<java.nio.DirectByteBuffer[pos=0 lim=93 cap=127]> w=0
 DEBUG mpj  - request.staticBuffer (2)<java.nio.DirectByteBuffer[pos=93 lim=93 cap=127]> w=93
 DEBUG mpj  - request.dBufSize <0>
 DEBUG mpj  - --eagerSend finishes--
 INFO  mpj  - ---isend ends---<33999>
 DEBUG mpj  - Calling request.iwait() in send method, it may not return
 DEBUG mpj  - Called request.iwait() in sng this, means it returned
 DEBUG mpj  -  destroying buffer 
 DEBUG mpj  - 
--free--
 DEBUG mpj  - buffer.list.front 128
 DEBUG mpj  -  list.level 0
 DEBUG mpj  -  position 0
 DEBUG mpj  -  memory (for region) java.nio.DirectByteBuffer[pos=0 lim=8388608 cap=8388608]
 DEBUG mpj  -  buddy 128
 DEBUG mpj  -  memory java.nio.DirectByteBuffer[pos=128 lim=8388608 cap=8388608]
 DEBUG mpj  -  buddy is free ...removing it ..
 DEBUG mpj  -  buddy 256
 DEBUG mpj  -  memory java.nio.DirectByteBuffer[pos=256 lim=8388608 cap=8388608]
 DEBUG mpj  -  buddy is free ...removing it ..
 DEBUG mpj  -  buddy 512
 DEBUG mpj  -  memory java.nio.DirectByteBuffer[pos=512 lim=8388608 cap=8388608]
 DEBUG mpj  -  buddy is free ...removing it ..
 DEBUG mpj  -  buddy 1024
 DEBUG mpj  -  memory java.nio.DirectByteBuffer[pos=1024 lim=8388608 cap=8388608]
 DEBUG mpj  -  buddy is free ...removing it ..
 DEBUG mpj  -  buddy 2048
 DEBUG mpj  -  memory java.nio.DirectByteBuffer[pos=2048 lim=8388608 cap=8388608]
 DEBUG mpj  -  buddy is free ...removing it ..
 DEBUG mpj  -  buddy 4096
 DEBUG mpj  -  memory java.nio.DirectByteBuffer[pos=4096 lim=8388608 cap=8388608]
 DEBUG mpj  -  buddy is free ...removing it ..
 DEBUG mpj  -  buddy 8192
 DEBUG mpj  -  memory java.nio.DirectByteBuffer[pos=8192 lim=8388608 cap=8388608]
 DEBUG mpj  -  buddy is free ...removing it ..
 DEBUG mpj  -  buddy 16384
 DEBUG mpj  -  memory java.nio.DirectByteBuffer[pos=16384 lim=8388608 cap=8388608]
 DEBUG mpj  -  buddy is free ...removing it ..
 DEBUG mpj  -  buddy 32768
 DEBUG mpj  -  memory java.nio.DirectByteBuffer[pos=32768 lim=8388608 cap=8388608]
 DEBUG mpj  -  buddy is free ...removing it ..
 DEBUG mpj  -  buddy 65536
 DEBUG mpj  -  memory java.nio.DirectByteBuffer[pos=65536 lim=8388608 cap=8388608]
 DEBUG mpj  -  buddy is free ...removing it ..
 DEBUG mpj  -  buddy 131072
 DEBUG mpj  -  memory java.nio.DirectByteBuffer[pos=131072 lim=8388608 cap=8388608]
 DEBUG mpj  -  buddy is free ...removing it ..
 DEBUG mpj  -  buddy 262144
 DEBUG mpj  -  memory java.nio.DirectByteBuffer[pos=262144 lim=8388608 cap=8388608]
 DEBUG mpj  -  buddy is free ...removing it ..
 DEBUG mpj  -  buddy 524288
 DEBUG mpj  -  memory java.nio.DirectByteBuffer[pos=524288 lim=8388608 cap=8388608]
 DEBUG mpj  -  buddy is free ...removing it ..
 DEBUG mpj  -  buddy 1048576
 DEBUG mpj  -  memory java.nio.DirectByteBuffer[pos=1048576 lim=8388608 cap=8388608]
 DEBUG mpj  -  buddy is free ...removing it ..
 DEBUG mpj  -  buddy 2097152
 DEBUG mpj  -  memory java.nio.DirectByteBuffer[pos=2097152 lim=8388608 cap=8388608]
 DEBUG mpj  -  buddy is free ...removing it ..
 DEBUG mpj  -  buddy 4194304
 DEBUG mpj  -  memory java.nio.DirectByteBuffer[pos=4194304 lim=8388608 cap=8388608]
 DEBUG mpj  -  buddy is free ...removing it ..
 DEBUG mpj  -  adding the buffer at pos <0
 DEBUG mpj  - size of htis buffer is 8388608
 DEBUG mpj  - --Recv--33999
 DEBUG mpj  - 

 createBuffer 16
 DEBUG mpj  - required level 0
 DEBUG mpj  - finding the right level 
 DEBUG mpj  - freeList.size() 17
 DEBUG mpj  - list @level <0>=null
 DEBUG mpj  - list @level <1>=null
 DEBUG mpj  - list @level <2>=null
 DEBUG mpj  - list @level <3>=null
 DEBUG mpj  - list @level <4>=null
 DEBUG mpj  - list @level <5>=null
 DEBUG mpj  - list @level <6>=null
 DEBUG mpj  - list @level <7>=null
 DEBUG mpj  - list @level <8>=null
 DEBUG mpj  - list @level <9>=null
 DEBUG mpj  - list @level <10>=null
 DEBUG mpj  - list @level <11>=null
 DEBUG mpj  - list @level <12>=null
 DEBUG mpj  - list @level <13>=null
 DEBUG mpj  - list @level <14>=null
 DEBUG mpj  - list @level <15>=null
 DEBUG mpj  - list @level <16>=mpjbuf.Buddy1RegionFreeList@942f772
 DEBUG mpj  - calling allocate ...
 DEBUG mpj  - --allocate--
 DEBUG mpj  -  level :0
 DEBUG mpj  -  list :mpjbuf.Buddy1RegionFreeList@942f772
 DEBUG mpj  - position 0
 DEBUG mpj  - list.blockSize 4194304
 DEBUG mpj  - Adding buddy @ 4194304
 DEBUG mpj  - position 0
 DEBUG mpj  - list.blockSize 2097152
 DEBUG mpj  - Adding buddy @ 2097152
 DEBUG mpj  - position 0
 DEBUG mpj  - list.blockSize 1048576
 DEBUG mpj  - Adding buddy @ 1048576
 DEBUG mpj  - position 0
 DEBUG mpj  - list.blockSize 524288
 DEBUG mpj  - Adding buddy @ 524288
 DEBUG mpj  - position 0
 DEBUG mpj  - list.blockSize 262144
 DEBUG mpj  - Adding buddy @ 262144
 DEBUG mpj  - position 0
 DEBUG mpj  - list.blockSize 131072
 DEBUG mpj  - Adding buddy @ 131072
 DEBUG mpj  - position 0
 DEBUG mpj  - list.blockSize 65536
 DEBUG mpj  - Adding buddy @ 65536
 DEBUG mpj  - position 0
 DEBUG mpj  - list.blockSize 32768
 DEBUG mpj  - Adding buddy @ 32768
 DEBUG mpj  - position 0
 DEBUG mpj  - list.blockSize 16384
 DEBUG mpj  - Adding buddy @ 16384
 DEBUG mpj  - position 0
 DEBUG mpj  - list.blockSize 8192
 DEBUG mpj  - Adding buddy @ 8192
 DEBUG mpj  - position 0
 DEBUG mpj  - list.blockSize 4096
 DEBUG mpj  - Adding buddy @ 4096
 DEBUG mpj  - position 0
 DEBUG mpj  - list.blockSize 2048
 DEBUG mpj  - Adding buddy @ 2048
 DEBUG mpj  - position 0
 DEBUG mpj  - list.blockSize 1024
 DEBUG mpj  - Adding buddy @ 1024
 DEBUG mpj  - position 0
 DEBUG mpj  - list.blockSize 512
 DEBUG mpj  - Adding buddy @ 512
 DEBUG mpj  - position 0
 DEBUG mpj  - list.blockSize 256
 DEBUG mpj  - Adding buddy @ 256
 DEBUG mpj  - position 0
 DEBUG mpj  - list.blockSize 128
 DEBUG mpj  - Adding buddy @ 128
 DEBUG mpj  - slicedBuffer java.nio.DirectByteBuffer[pos=0 lim=127 cap=127]
 DEBUG mpj  -  cap 128
 DEBUG mpj  - list mpjbuf.Buddy1RegionFreeList@b83621e
 DEBUG mpj  - list.memory java.nio.DirectByteBuffer[pos=1 lim=128 cap=8388608]
 DEBUG mpj  - position 0
 INFO  mpj  - ---irecv---<33999>
 DEBUG mpj  - Looking whether this req has been posted or not
 DEBUG mpj  - No Matching req, so posting ourselves
 DEBUG mpj  - request.staticBuffer (in recv) java.nio.DirectByteBuffer[pos=0 lim=127 cap=127]
 DEBUG mpj  - Added request in irecv 
 DEBUG mpj  - ---selector EVENT---
 DEBUG mpj  - ---READ_EVENT----24
 DEBUG mpj  -  received READY_TO_SEND or  READY_TO_RECV
 DEBUG mpj  - -- recvCtrlMsgFromSender ---
 DEBUG mpj  - Receiver getting the control message
 DEBUG mpj  - Could be rend, eager, posted b4 or not
 DEBUG mpj  - msb :-2583587864646105307
 DEBUG mpj  - lsb :-4822792984226746547
 DEBUG mpj  - sendCounter :7
 DEBUG mpj  - tag :33999
 DEBUG mpj  - staBufferSize :12
 DEBUG mpj  - dynaBufferSize :0
 DEBUG mpj  - context :9
 DEBUG mpj  - commMode :3
 DEBUG mpj  - type :mpjbuf.Type@1f202b71
 DEBUG mpj  - sendCounter :7
 DEBUG mpj  - numEls :1
 DEBUG mpj  - ---eagerRecv2UserMem---
 DEBUG mpj  - request.sBufSize (is it zero?) 12
 DEBUG mpj  - b(1) java.nio.DirectByteBuffer[pos=0 lim=12 cap=127]
 DEBUG mpj  - b(2) java.nio.DirectByteBuffer[pos=12 lim=12 cap=127]
 DEBUG mpj  - request.dBufSize 0
 DEBUG mpj  - --eagerRecv2UserMem ends--
 DEBUG mpj  - count_received 1
 DEBUG mpj  - count 1
 DEBUG mpj  - 
--free--
 DEBUG mpj  - buffer.list.front 128
 DEBUG mpj  -  list.level 0
 DEBUG mpj  -  position 0
 DEBUG mpj  -  memory (for region) java.nio.DirectByteBuffer[pos=0 lim=8388608 cap=8388608]
 DEBUG mpj  -  buddy 128
 DEBUG mpj  -  memory java.nio.DirectByteBuffer[pos=128 lim=8388608 cap=8388608]
 DEBUG mpj  -  buddy is free ...removing it ..
 DEBUG mpj  -  buddy 256
 DEBUG mpj  -  memory java.nio.DirectByteBuffer[pos=256 lim=8388608 cap=8388608]
 DEBUG mpj  -  buddy is free ...removing it ..
 DEBUG mpj  -  buddy 512
 DEBUG mpj  -  memory java.nio.DirectByteBuffer[pos=512 lim=8388608 cap=8388608]
 DEBUG mpj  -  buddy is free ...removing it ..
 DEBUG mpj  -  buddy 1024
 DEBUG mpj  -  memory java.nio.DirectByteBuffer[pos=1024 lim=8388608 cap=8388608]
 DEBUG mpj  -  buddy is free ...removing it ..
 DEBUG mpj  -  buddy 2048
 DEBUG mpj  -  memory java.nio.DirectByteBuffer[pos=2048 lim=8388608 cap=8388608]
 DEBUG mpj  -  buddy is free ...removing it ..
 DEBUG mpj  -  buddy 4096
 DEBUG mpj  -  memory java.nio.DirectByteBuffer[pos=4096 lim=8388608 cap=8388608]
 DEBUG mpj  -  buddy is free ...removing it ..
 DEBUG mpj  -  buddy 8192
 DEBUG mpj  -  memory java.nio.DirectByteBuffer[pos=8192 lim=8388608 cap=8388608]
 DEBUG mpj  -  buddy is free ...removing it ..
 DEBUG mpj  -  buddy 16384
 DEBUG mpj  -  memory java.nio.DirectByteBuffer[pos=16384 lim=8388608 cap=8388608]
 DEBUG mpj  -  buddy is free ...removing it ..
 DEBUG mpj  -  buddy 32768
 DEBUG mpj  -  memory java.nio.DirectByteBuffer[pos=32768 lim=8388608 cap=8388608]
 DEBUG mpj  -  buddy is free ...removing it ..
 DEBUG mpj  -  buddy 65536
 DEBUG mpj  -  memory java.nio.DirectByteBuffer[pos=65536 lim=8388608 cap=8388608]
 DEBUG mpj  -  buddy is free ...removing it ..
 DEBUG mpj  -  buddy 131072
 DEBUG mpj  -  memory java.nio.DirectByteBuffer[pos=131072 lim=8388608 cap=8388608]
 DEBUG mpj  -  buddy is free ...removing it ..
 DEBUG mpj  -  buddy 262144
 DEBUG mpj  -  memory java.nio.DirectByteBuffer[pos=262144 lim=8388608 cap=8388608]
 DEBUG mpj  -  buddy is free ...removing it ..
 DEBUG mpj  -  buddy 524288
 DEBUG mpj  -  memory java.nio.DirectByteBuffer[pos=524288 lim=8388608 cap=8388608]
 DEBUG mpj  -  buddy is free ...removing it ..
 DEBUG mpj  -  buddy 1048576
 DEBUG mpj  -  memory java.nio.DirectByteBuffer[pos=1048576 lim=8388608 cap=8388608]
 DEBUG mpj  -  buddy is free ...removing it ..
 DEBUG mpj  -  buddy 2097152
 DEBUG mpj  -  memory java.nio.DirectByteBuffer[pos=2097152 lim=8388608 cap=8388608]
 DEBUG mpj  -  buddy is free ...removing it ..
 DEBUG mpj  -  buddy 4194304
 DEBUG mpj  -  memory java.nio.DirectByteBuffer[pos=4194304 lim=8388608 cap=8388608]
 DEBUG mpj  -  buddy is free ...removing it ..
 DEBUG mpj  -  adding the buffer at pos <0
 DEBUG mpj  - size of htis buffer is 8388608
 DEBUG mpj  - --Recv completed--33999
 DEBUG mpj  - Called it
 DEBUG mpj  - Calling MPJDev finalize 
 DEBUG mpj  - 

 createBuffer 104
 DEBUG mpj  - required level 0
 DEBUG mpj  - finding the right level 
 DEBUG mpj  - freeList.size() 17
 DEBUG mpj  - list @level <0>=null
 DEBUG mpj  - list @level <1>=null
 DEBUG mpj  - list @level <2>=null
 DEBUG mpj  - list @level <3>=null
 DEBUG mpj  - list @level <4>=null
 DEBUG mpj  - list @level <5>=null
 DEBUG mpj  - list @level <6>=null
 DEBUG mpj  - list @level <7>=null
 DEBUG mpj  - list @level <8>=null
 DEBUG mpj  - list @level <9>=null
 DEBUG mpj  - list @level <10>=null
 DEBUG mpj  - list @level <11>=null
 DEBUG mpj  - list @level <12>=null
 DEBUG mpj  - list @level <13>=null
 DEBUG mpj  - list @level <14>=null
 DEBUG mpj  - list @level <15>=null
 DEBUG mpj  - list @level <16>=mpjbuf.Buddy1RegionFreeList@942f772
 DEBUG mpj  - calling allocate ...
 DEBUG mpj  - --allocate--
 DEBUG mpj  -  level :0
 DEBUG mpj  -  list :mpjbuf.Buddy1RegionFreeList@942f772
 DEBUG mpj  - position 0
 DEBUG mpj  - list.blockSize 4194304
 DEBUG mpj  - Adding buddy @ 4194304
 DEBUG mpj  - position 0
 DEBUG mpj  - list.blockSize 2097152
 DEBUG mpj  - Adding buddy @ 2097152
 DEBUG mpj  - position 0
 DEBUG mpj  - list.blockSize 1048576
 DEBUG mpj  - Adding buddy @ 1048576
 DEBUG mpj  - position 0
 DEBUG mpj  - list.blockSize 524288
 DEBUG mpj  - Adding buddy @ 524288
 DEBUG mpj  - position 0
 DEBUG mpj  - list.blockSize 262144
 DEBUG mpj  - Adding buddy @ 262144
 DEBUG mpj  - position 0
 DEBUG mpj  - list.blockSize 131072
 DEBUG mpj  - Adding buddy @ 131072
 DEBUG mpj  - position 0
 DEBUG mpj  - list.blockSize 65536
 DEBUG mpj  - Adding buddy @ 65536
 DEBUG mpj  - position 0
 DEBUG mpj  - list.blockSize 32768
 DEBUG mpj  - Adding buddy @ 32768
 DEBUG mpj  - position 0
 DEBUG mpj  - list.blockSize 16384
 DEBUG mpj  - Adding buddy @ 16384
 DEBUG mpj  - position 0
 DEBUG mpj  - list.blockSize 8192
 DEBUG mpj  - Adding buddy @ 8192
 DEBUG mpj  - position 0
 DEBUG mpj  - list.blockSize 4096
 DEBUG mpj  - Adding buddy @ 4096
 DEBUG mpj  - position 0
 DEBUG mpj  - list.blockSize 2048
 DEBUG mpj  - Adding buddy @ 2048
 DEBUG mpj  - position 0
 DEBUG mpj  - list.blockSize 1024
 DEBUG mpj  - Adding buddy @ 1024
 DEBUG mpj  - position 0
 DEBUG mpj  - list.blockSize 512
 DEBUG mpj  - Adding buddy @ 512
 DEBUG mpj  - position 0
 DEBUG mpj  - list.blockSize 256
 DEBUG mpj  - Adding buddy @ 256
 DEBUG mpj  - position 0
 DEBUG mpj  - list.blockSize 128
 DEBUG mpj  - Adding buddy @ 128
 DEBUG mpj  - slicedBuffer java.nio.DirectByteBuffer[pos=0 lim=127 cap=127]
 DEBUG mpj  -  cap 128
 DEBUG mpj  - list mpjbuf.Buddy1RegionFreeList@b83621e
 DEBUG mpj  - list.memory java.nio.DirectByteBuffer[pos=1 lim=128 cap=8388608]
 DEBUG mpj  - position 0
 DEBUG mpj  - 

 createBuffer 16
 DEBUG mpj  - required level 0
 DEBUG mpj  - finding the right level 
 DEBUG mpj  - freeList.size() 17
 DEBUG mpj  - list @level <0>=mpjbuf.Buddy1RegionFreeList@b83621e
 DEBUG mpj  - calling allocate ...
 DEBUG mpj  - --allocate--
 DEBUG mpj  -  level :0
 DEBUG mpj  -  list :mpjbuf.Buddy1RegionFreeList@b83621e
 DEBUG mpj  - slicedBuffer java.nio.DirectByteBuffer[pos=0 lim=127 cap=127]
 DEBUG mpj  -  cap 128
 DEBUG mpj  - list mpjbuf.Buddy1RegionFreeList@b83621e
 DEBUG mpj  - list.memory java.nio.DirectByteBuffer[pos=129 lim=256 cap=8388608]
 DEBUG mpj  - position 128
 INFO  mpj  - ---isend---<-994576>
 DEBUG mpj  - sender :5a40cacf-7cab-41cc-bd04-d34dc80ddc68
 DEBUG mpj  - receiver :dc254086-89c2-4725-bd11-ff5545eb2f4d
 DEBUG mpj  - tag :-994576
 DEBUG mpj  - isend with remote process connections
 DEBUG mpj  - channel :java.nio.channels.SocketChannel[connected local=/10.2.255.253:45686 remote=/10.2.255.253:34342]
 DEBUG mpj  - get writeLock for this channel
 DEBUG mpj  - ---eagerSend---
 DEBUG mpj  -  request.bufoffset 81
 DEBUG mpj  - sendBuffer java.nio.DirectByteBuffer[pos=0 lim=81 cap=127]
 DEBUG mpj  - request.staticBuffer (1)<java.nio.DirectByteBuffer[pos=0 lim=93 cap=127]> w=0
 DEBUG mpj  - request.staticBuffer (2)<java.nio.DirectByteBuffer[pos=93 lim=93 cap=127]> w=93
 DEBUG mpj  - request.dBufSize <0>
 DEBUG mpj  - --eagerSend finishes--
 INFO  mpj  - ---isend ends---<-994576>
 DEBUG mpj  - Calling request.iwait() in send method, it may not return
 DEBUG mpj  - Called request.iwait() in sng this, means it returned
 DEBUG mpj  - user thread going to sleep
 DEBUG mpj  - time_ready_sendrecv=0.006525
 DEBUG mpj  - ---selector EVENT---
 DEBUG mpj  - ---READ_EVENT----14
 DEBUG mpj  - END OF STREAM 
 DEBUG mpj  - leaf is -1-1
 DEBUG mpj  - ---finish---
 DEBUG mpj  - Waking up the selector
 DEBUG mpj  - Closed the two selectors
 DEBUG mpj  - peerChannelSize 5
 DEBUG mpj  - peerCtrlChannelSize 5
 DEBUG mpj  - closing data-channel java.nio.channels.SocketChannel[connected local=/10.2.255.253:45686 remote=/10.2.255.253:34342]
 DEBUG mpj  - the channel was open, so closing it
 DEBUG mpj  - closing control-channel java.nio.channels.SocketChannel[connected local=/10.2.255.253:36870 remote=/10.2.255.253:26606]
 DEBUG mpj  - the channel was open, so closing it
 DEBUG mpj  - closing data-channel java.nio.channels.SocketChannel[connected local=/10.2.255.253:58328 remote=/10.2.255.253:39148]
 DEBUG mpj  - the channel was open, so closing it
 DEBUG mpj  - closing control-channel java.nio.channels.SocketChannel[connected local=/10.2.255.253:47877 remote=/10.2.255.253:27684]
 DEBUG mpj  - the channel was open, so closing it
 DEBUG mpj  - closing data-channel java.nio.channels.SocketChannel[connected local=/10.2.255.253:36179 remote=/10.2.255.252:33285]
 DEBUG mpj  - the channel was open, so closing it
 DEBUG mpj  - closing control-channel java.nio.channels.SocketChannel[connected local=/10.2.255.253:33846 remote=/10.2.255.252:35982]
 DEBUG mpj  - the channel was open, so closing it
 DEBUG mpj  - closing data-channel java.nio.channels.SocketChannel[connected local=/10.2.255.253:36179 remote=/10.2.255.252:33286]
 DEBUG mpj  - the channel was open, so closing it
 DEBUG mpj  - closing control-channel java.nio.channels.SocketChannel[connected local=/10.2.255.253:33846 remote=/10.2.255.252:35983]
 DEBUG mpj  - the channel was open, so closing it
 DEBUG mpj  - closing data-channel java.nio.channels.SocketChannel[connected local=/10.2.255.253:36179 remote=/10.2.255.252:33295]
 DEBUG mpj  - the channel was open, so closing it
 DEBUG mpj  - closing control-channel java.nio.channels.SocketChannel[connected local=/10.2.255.253:33846 remote=/10.2.255.252:35990]
 DEBUG mpj  - the channel was open, so closing it
 DEBUG mpj  - closed all the channels
 DEBUG mpj  - selector thread notifying the user thread
 DEBUG mpj  - 
--free--
 DEBUG mpj  - buffer.list.front -1
 DEBUG mpj  -  list.level 0
 DEBUG mpj  -  position 0
 DEBUG mpj  -  memory (for region) java.nio.DirectByteBuffer[pos=0 lim=8388608 cap=8388608]
 DEBUG mpj  -  buddy 128
 DEBUG mpj  -  memory java.nio.DirectByteBuffer[pos=128 lim=8388608 cap=8388608]
 DEBUG mpj  -  buddy is not FREE 
 DEBUG mpj  -  adding the buffer at pos <0
 DEBUG mpj  - size of htis buffer is 128
 DEBUG mpj  - 
--free--
 DEBUG mpj  - buffer.list.front 0
 DEBUG mpj  -  list.level 0
 DEBUG mpj  -  position 128
 DEBUG mpj  -  memory (for region) java.nio.DirectByteBuffer[pos=0 lim=8388608 cap=8388608]
 DEBUG mpj  -  buddy 0
 DEBUG mpj  -  memory java.nio.DirectByteBuffer[pos=0 lim=8388608 cap=8388608]
 DEBUG mpj  -  buddy is free ...removing it ..
 DEBUG mpj  -  buddy 256
 DEBUG mpj  -  memory java.nio.DirectByteBuffer[pos=256 lim=8388608 cap=8388608]
 DEBUG mpj  -  buddy is free ...removing it ..
 DEBUG mpj  -  buddy 512
 DEBUG mpj  -  memory java.nio.DirectByteBuffer[pos=512 lim=8388608 cap=8388608]
 DEBUG mpj  -  buddy is free ...removing it ..
 DEBUG mpj  -  buddy 1024
 DEBUG mpj  -  memory java.nio.DirectByteBuffer[pos=1024 lim=8388608 cap=8388608]
 DEBUG mpj  -  buddy is free ...removing it ..
 DEBUG mpj  -  buddy 2048
 DEBUG mpj  -  memory java.nio.DirectByteBuffer[pos=2048 lim=8388608 cap=8388608]
 DEBUG mpj  -  buddy is free ...removing it ..
 DEBUG mpj  -  buddy 4096
 DEBUG mpj  -  memory java.nio.DirectByteBuffer[pos=4096 lim=8388608 cap=8388608]
 DEBUG mpj  -  buddy is free ...removing it ..
 DEBUG mpj  -  buddy 8192
 DEBUG mpj  -  memory java.nio.DirectByteBuffer[pos=8192 lim=8388608 cap=8388608]
 DEBUG mpj  -  buddy is free ...removing it ..
 DEBUG mpj  -  buddy 16384
 DEBUG mpj  -  memory java.nio.DirectByteBuffer[pos=16384 lim=8388608 cap=8388608]
 DEBUG mpj  -  buddy is free ...removing it ..
 DEBUG mpj  -  buddy 32768
 DEBUG mpj  -  memory java.nio.DirectByteBuffer[pos=32768 lim=8388608 cap=8388608]
 DEBUG mpj  -  buddy is free ...removing it ..
 DEBUG mpj  -  buddy 65536
 DEBUG mpj  -  memory java.nio.DirectByteBuffer[pos=65536 lim=8388608 cap=8388608]
 DEBUG mpj  -  buddy is free ...removing it ..
 DEBUG mpj  -  buddy 131072
 DEBUG mpj  -  memory java.nio.DirectByteBuffer[pos=131072 lim=8388608 cap=8388608]
 DEBUG mpj  -  buddy is free ...removing it ..
 DEBUG mpj  -  buddy 262144
 DEBUG mpj  -  memory java.nio.DirectByteBuffer[pos=262144 lim=8388608 cap=8388608]
 DEBUG mpj  -  buddy is free ...removing it ..
 DEBUG mpj  -  buddy 524288
 DEBUG mpj  -  memory java.nio.DirectByteBuffer[pos=524288 lim=8388608 cap=8388608]
 DEBUG mpj  -  buddy is free ...removing it ..
 DEBUG mpj  -  buddy 1048576
 DEBUG mpj  -  memory java.nio.DirectByteBuffer[pos=1048576 lim=8388608 cap=8388608]
 DEBUG mpj  -  buddy is free ...removing it ..
 DEBUG mpj  -  buddy 2097152
 DEBUG mpj  -  memory java.nio.DirectByteBuffer[pos=2097152 lim=8388608 cap=8388608]
 DEBUG mpj  -  buddy is free ...removing it ..
 DEBUG mpj  -  buddy 4194304
 DEBUG mpj  -  memory java.nio.DirectByteBuffer[pos=4194304 lim=8388608 cap=8388608]
 DEBUG mpj  -  buddy is free ...removing it ..
 DEBUG mpj  -  adding the buffer at pos <0
 DEBUG mpj  - size of htis buffer is 8388608
 DEBUG mpj  - Called it ...
 DEBUG mpj  -  last statement in selector thread
